[2025-08-27T09:55:33.812+0000] {local_task_job_runner.py:120} INFO - ::group::Pre task execution logs
[2025-08-27T09:55:33.843+0000] {taskinstance.py:2076} INFO - Dependencies all met for dep_context=non-requeueable deps ti=<TaskInstance: bronze.load_json_to_minio manual__2025-08-27T09:55:30.104359+00:00 [queued]>
[2025-08-27T09:55:33.850+0000] {taskinstance.py:2076} INFO - Dependencies all met for dep_context=requeueable deps ti=<TaskInstance: bronze.load_json_to_minio manual__2025-08-27T09:55:30.104359+00:00 [queued]>
[2025-08-27T09:55:33.853+0000] {taskinstance.py:2306} INFO - Starting attempt 1 of 1
[2025-08-27T09:55:33.866+0000] {taskinstance.py:2330} INFO - Executing <Task(PythonOperator): load_json_to_minio> on 2025-08-27 09:55:30.104359+00:00
[2025-08-27T09:55:33.874+0000] {standard_task_runner.py:90} INFO - Running: ['***', 'tasks', 'run', 'bronze', 'load_json_to_minio', 'manual__2025-08-27T09:55:30.104359+00:00', '--job-id', '48', '--raw', '--subdir', 'DAGS_FOLDER/bronze_dag.py', '--cfg-path', '/tmp/tmp3ckz7u6l']
[2025-08-27T09:55:33.876+0000] {standard_task_runner.py:91} INFO - Job 48: Subtask load_json_to_minio
[2025-08-27T09:55:33.876+0000] {logging_mixin.py:188} WARNING - /home/***/.local/lib/python3.12/site-packages/***/task/task_runner/standard_task_runner.py:61 DeprecationWarning: This process (pid=721) is multi-threaded, use of fork() may lead to deadlocks in the child.
[2025-08-27T09:55:33.877+0000] {standard_task_runner.py:63} INFO - Started process 728 to run task
[2025-08-27T09:55:33.924+0000] {task_command.py:426} INFO - Running <TaskInstance: bronze.load_json_to_minio manual__2025-08-27T09:55:30.104359+00:00 [running]> on host 9e38430a0313
[2025-08-27T09:55:34.000+0000] {taskinstance.py:2648} INFO - Exporting env vars: AIRFLOW_CTX_DAG_OWNER='***' AIRFLOW_CTX_DAG_ID='bronze' AIRFLOW_CTX_TASK_ID='load_json_to_minio' AIRFLOW_CTX_EXECUTION_DATE='2025-08-27T09:55:30.104359+00:00' AIRFLOW_CTX_TRY_NUMBER='1' AIRFLOW_CTX_DAG_RUN_ID='manual__2025-08-27T09:55:30.104359+00:00'
[2025-08-27T09:55:34.002+0000] {taskinstance.py:430} INFO - ::endgroup::
[2025-08-27T09:55:40.352+0000] {bronze_tasks.py:71} INFO - Uploaded game_events.json to lakehouse/json/
[2025-08-27T09:55:41.579+0000] {bronze_tasks.py:71} INFO - Uploaded player_valuations.json to lakehouse/json/
[2025-08-27T09:55:41.853+0000] {bronze_tasks.py:71} INFO - Uploaded transfers.json to lakehouse/json/
[2025-08-27T09:55:41.854+0000] {python.py:237} INFO - Done. Returned value was: None
[2025-08-27T09:55:41.854+0000] {taskinstance.py:441} INFO - ::group::Post task execution logs
[2025-08-27T09:55:41.861+0000] {taskinstance.py:1206} INFO - Marking task as SUCCESS. dag_id=bronze, task_id=load_json_to_minio, run_id=manual__2025-08-27T09:55:30.104359+00:00, execution_date=20250827T095530, start_date=20250827T095533, end_date=20250827T095541
[2025-08-27T09:55:41.890+0000] {local_task_job_runner.py:240} INFO - Task exited with return code 0
[2025-08-27T09:55:41.902+0000] {taskinstance.py:3503} INFO - 0 downstream tasks scheduled from follow-on schedule check
[2025-08-27T09:55:41.905+0000] {local_task_job_runner.py:222} INFO - ::endgroup::
