[2025-08-27T09:36:06.050+0000] {local_task_job_runner.py:120} INFO - ::group::Pre task execution logs
[2025-08-27T09:36:06.076+0000] {taskinstance.py:2076} INFO - Dependencies all met for dep_context=non-requeueable deps ti=<TaskInstance: bronze.load_mysql_to_minio manual__2025-08-27T09:36:02.088308+00:00 [queued]>
[2025-08-27T09:36:06.083+0000] {taskinstance.py:2076} INFO - Dependencies all met for dep_context=requeueable deps ti=<TaskInstance: bronze.load_mysql_to_minio manual__2025-08-27T09:36:02.088308+00:00 [queued]>
[2025-08-27T09:36:06.084+0000] {taskinstance.py:2306} INFO - Starting attempt 1 of 1
[2025-08-27T09:36:06.095+0000] {taskinstance.py:2330} INFO - Executing <Task(PythonOperator): load_mysql_to_minio> on 2025-08-27 09:36:02.088308+00:00
[2025-08-27T09:36:06.105+0000] {standard_task_runner.py:90} INFO - Running: ['***', 'tasks', 'run', 'bronze', 'load_mysql_to_minio', 'manual__2025-08-27T09:36:02.088308+00:00', '--job-id', '41', '--raw', '--subdir', 'DAGS_FOLDER/bronze_dag.py', '--cfg-path', '/tmp/tmp1qfknw72']
[2025-08-27T09:36:06.107+0000] {standard_task_runner.py:91} INFO - Job 41: Subtask load_mysql_to_minio
[2025-08-27T09:36:06.108+0000] {logging_mixin.py:188} WARNING - /home/***/.local/lib/python3.12/site-packages/***/task/task_runner/standard_task_runner.py:61 DeprecationWarning: This process (pid=990) is multi-threaded, use of fork() may lead to deadlocks in the child.
[2025-08-27T09:36:06.109+0000] {standard_task_runner.py:63} INFO - Started process 994 to run task
[2025-08-27T09:36:06.156+0000] {task_command.py:426} INFO - Running <TaskInstance: bronze.load_mysql_to_minio manual__2025-08-27T09:36:02.088308+00:00 [running]> on host f2cd241c48e3
[2025-08-27T09:36:06.219+0000] {taskinstance.py:2648} INFO - Exporting env vars: AIRFLOW_CTX_DAG_OWNER='***' AIRFLOW_CTX_DAG_ID='bronze' AIRFLOW_CTX_TASK_ID='load_mysql_to_minio' AIRFLOW_CTX_EXECUTION_DATE='2025-08-27T09:36:02.088308+00:00' AIRFLOW_CTX_TRY_NUMBER='1' AIRFLOW_CTX_DAG_RUN_ID='manual__2025-08-27T09:36:02.088308+00:00'
[2025-08-27T09:36:06.220+0000] {taskinstance.py:430} INFO - ::endgroup::
[2025-08-27T09:36:06.374+0000] {logging_mixin.py:188} WARNING - /opt/***/etl_pipeline/assets/bronze_tasks.py:90 UserWarning: pandas only supports SQLAlchemy connectable (engine/connection) or database string URI or sqlite3 DBAPI2 connection. Other DBAPI2 objects are not tested. Please consider using SQLAlchemy.
[2025-08-27T09:36:06.422+0000] {bronze_tasks.py:105} INFO - Uploaded competitions to bucket lakehouse/mysql
[2025-08-27T09:36:06.441+0000] {bronze_tasks.py:105} INFO - Uploaded clubs to bucket lakehouse/mysql
[2025-08-27T09:36:07.759+0000] {bronze_tasks.py:105} INFO - Uploaded games to bucket lakehouse/mysql
[2025-08-27T09:36:08.326+0000] {bronze_tasks.py:105} INFO - Uploaded players to bucket lakehouse/mysql
[2025-08-27T09:36:08.361+0000] {python.py:237} INFO - Done. Returned value was: None
[2025-08-27T09:36:08.362+0000] {taskinstance.py:441} INFO - ::group::Post task execution logs
[2025-08-27T09:36:08.371+0000] {taskinstance.py:1206} INFO - Marking task as SUCCESS. dag_id=bronze, task_id=load_mysql_to_minio, run_id=manual__2025-08-27T09:36:02.088308+00:00, execution_date=20250827T093602, start_date=20250827T093606, end_date=20250827T093608
[2025-08-27T09:36:08.412+0000] {local_task_job_runner.py:240} INFO - Task exited with return code 0
[2025-08-27T09:36:08.426+0000] {taskinstance.py:3503} INFO - 0 downstream tasks scheduled from follow-on schedule check
[2025-08-27T09:36:08.429+0000] {local_task_job_runner.py:222} INFO - ::endgroup::
