[2025-08-27T10:03:25.142+0000] {local_task_job_runner.py:120} INFO - ::group::Pre task execution logs
[2025-08-27T10:03:25.168+0000] {taskinstance.py:2076} INFO - Dependencies all met for dep_context=non-requeueable deps ti=<TaskInstance: bronze.load_csv_to_minio manual__2025-08-27T10:03:22.306231+00:00 [queued]>
[2025-08-27T10:03:25.175+0000] {taskinstance.py:2076} INFO - Dependencies all met for dep_context=requeueable deps ti=<TaskInstance: bronze.load_csv_to_minio manual__2025-08-27T10:03:22.306231+00:00 [queued]>
[2025-08-27T10:03:25.176+0000] {taskinstance.py:2306} INFO - Starting attempt 1 of 1
[2025-08-27T10:03:25.188+0000] {taskinstance.py:2330} INFO - Executing <Task(PythonOperator): load_csv_to_minio> on 2025-08-27 10:03:22.306231+00:00
[2025-08-27T10:03:25.195+0000] {standard_task_runner.py:90} INFO - Running: ['***', 'tasks', 'run', 'bronze', 'load_csv_to_minio', 'manual__2025-08-27T10:03:22.306231+00:00', '--job-id', '52', '--raw', '--subdir', 'DAGS_FOLDER/bronze_dag.py', '--cfg-path', '/tmp/tmp7lwsgzhb']
[2025-08-27T10:03:25.199+0000] {standard_task_runner.py:91} INFO - Job 52: Subtask load_csv_to_minio
[2025-08-27T10:03:25.199+0000] {logging_mixin.py:188} WARNING - /home/***/.local/lib/python3.12/site-packages/***/task/task_runner/standard_task_runner.py:61 DeprecationWarning: This process (pid=221) is multi-threaded, use of fork() may lead to deadlocks in the child.
[2025-08-27T10:03:25.200+0000] {standard_task_runner.py:63} INFO - Started process 228 to run task
[2025-08-27T10:03:25.243+0000] {task_command.py:426} INFO - Running <TaskInstance: bronze.load_csv_to_minio manual__2025-08-27T10:03:22.306231+00:00 [running]> on host e9525e38228d
[2025-08-27T10:03:25.322+0000] {taskinstance.py:2648} INFO - Exporting env vars: AIRFLOW_CTX_DAG_OWNER='***' AIRFLOW_CTX_DAG_ID='bronze' AIRFLOW_CTX_TASK_ID='load_csv_to_minio' AIRFLOW_CTX_EXECUTION_DATE='2025-08-27T10:03:22.306231+00:00' AIRFLOW_CTX_TRY_NUMBER='1' AIRFLOW_CTX_DAG_RUN_ID='manual__2025-08-27T10:03:22.306231+00:00'
[2025-08-27T10:03:25.323+0000] {taskinstance.py:430} INFO - ::endgroup::
[2025-08-27T10:03:28.009+0000] {bronze_tasks.py:53} INFO - Uploaded appearances.csv to lakehouse/csv/
[2025-08-27T10:03:28.343+0000] {bronze_tasks.py:53} INFO - Uploaded club_games.csv to lakehouse/csv/
[2025-08-27T10:03:31.833+0000] {bronze_tasks.py:53} INFO - Uploaded game_lineups.csv to lakehouse/csv/
[2025-08-27T10:03:31.834+0000] {python.py:237} INFO - Done. Returned value was: None
[2025-08-27T10:03:31.835+0000] {taskinstance.py:441} INFO - ::group::Post task execution logs
[2025-08-27T10:03:31.849+0000] {taskinstance.py:1206} INFO - Marking task as SUCCESS. dag_id=bronze, task_id=load_csv_to_minio, run_id=manual__2025-08-27T10:03:22.306231+00:00, execution_date=20250827T100322, start_date=20250827T100325, end_date=20250827T100331
[2025-08-27T10:03:31.923+0000] {local_task_job_runner.py:240} INFO - Task exited with return code 0
[2025-08-27T10:03:31.944+0000] {taskinstance.py:3503} INFO - 0 downstream tasks scheduled from follow-on schedule check
[2025-08-27T10:03:31.946+0000] {local_task_job_runner.py:222} INFO - ::endgroup::
