[2025-08-27T09:55:33.780+0000] {local_task_job_runner.py:120} INFO - ::group::Pre task execution logs
[2025-08-27T09:55:33.809+0000] {taskinstance.py:2076} INFO - Dependencies all met for dep_context=non-requeueable deps ti=<TaskInstance: bronze.load_mysql_to_minio manual__2025-08-27T09:55:30.104359+00:00 [queued]>
[2025-08-27T09:55:33.815+0000] {taskinstance.py:2076} INFO - Dependencies all met for dep_context=requeueable deps ti=<TaskInstance: bronze.load_mysql_to_minio manual__2025-08-27T09:55:30.104359+00:00 [queued]>
[2025-08-27T09:55:33.815+0000] {taskinstance.py:2306} INFO - Starting attempt 1 of 1
[2025-08-27T09:55:33.826+0000] {taskinstance.py:2330} INFO - Executing <Task(PythonOperator): load_mysql_to_minio> on 2025-08-27 09:55:30.104359+00:00
[2025-08-27T09:55:33.836+0000] {standard_task_runner.py:90} INFO - Running: ['***', 'tasks', 'run', 'bronze', 'load_mysql_to_minio', 'manual__2025-08-27T09:55:30.104359+00:00', '--job-id', '47', '--raw', '--subdir', 'DAGS_FOLDER/bronze_dag.py', '--cfg-path', '/tmp/tmp7p4q7b38']
[2025-08-27T09:55:33.838+0000] {logging_mixin.py:188} WARNING - /home/***/.local/lib/python3.12/site-packages/***/task/task_runner/standard_task_runner.py:61 DeprecationWarning: This process (pid=722) is multi-threaded, use of fork() may lead to deadlocks in the child.
[2025-08-27T09:55:33.839+0000] {standard_task_runner.py:91} INFO - Job 47: Subtask load_mysql_to_minio
[2025-08-27T09:55:33.839+0000] {standard_task_runner.py:63} INFO - Started process 726 to run task
[2025-08-27T09:55:33.885+0000] {task_command.py:426} INFO - Running <TaskInstance: bronze.load_mysql_to_minio manual__2025-08-27T09:55:30.104359+00:00 [running]> on host 9e38430a0313
[2025-08-27T09:55:33.957+0000] {taskinstance.py:2648} INFO - Exporting env vars: AIRFLOW_CTX_DAG_OWNER='***' AIRFLOW_CTX_DAG_ID='bronze' AIRFLOW_CTX_TASK_ID='load_mysql_to_minio' AIRFLOW_CTX_EXECUTION_DATE='2025-08-27T09:55:30.104359+00:00' AIRFLOW_CTX_TRY_NUMBER='1' AIRFLOW_CTX_DAG_RUN_ID='manual__2025-08-27T09:55:30.104359+00:00'
[2025-08-27T09:55:33.960+0000] {taskinstance.py:430} INFO - ::endgroup::
[2025-08-27T09:55:34.100+0000] {logging_mixin.py:188} WARNING - /opt/***/etl_pipeline/assets/bronze_tasks.py:90 UserWarning: pandas only supports SQLAlchemy connectable (engine/connection) or database string URI or sqlite3 DBAPI2 connection. Other DBAPI2 objects are not tested. Please consider using SQLAlchemy.
[2025-08-27T09:55:34.158+0000] {bronze_tasks.py:105} INFO - Uploaded competitions to bucket lakehouse/mysql
[2025-08-27T09:55:34.183+0000] {bronze_tasks.py:105} INFO - Uploaded clubs to bucket lakehouse/mysql
[2025-08-27T09:55:36.342+0000] {bronze_tasks.py:105} INFO - Uploaded games to bucket lakehouse/mysql
[2025-08-27T09:55:37.271+0000] {bronze_tasks.py:105} INFO - Uploaded players to bucket lakehouse/mysql
[2025-08-27T09:55:37.312+0000] {python.py:237} INFO - Done. Returned value was: None
[2025-08-27T09:55:37.315+0000] {taskinstance.py:441} INFO - ::group::Post task execution logs
[2025-08-27T09:55:37.327+0000] {taskinstance.py:1206} INFO - Marking task as SUCCESS. dag_id=bronze, task_id=load_mysql_to_minio, run_id=manual__2025-08-27T09:55:30.104359+00:00, execution_date=20250827T095530, start_date=20250827T095533, end_date=20250827T095537
[2025-08-27T09:55:37.390+0000] {local_task_job_runner.py:240} INFO - Task exited with return code 0
[2025-08-27T09:55:37.408+0000] {taskinstance.py:3503} INFO - 0 downstream tasks scheduled from follow-on schedule check
[2025-08-27T09:55:37.412+0000] {local_task_job_runner.py:222} INFO - ::endgroup::
