[2025-08-27T10:03:25.149+0000] {local_task_job_runner.py:120} INFO - ::group::Pre task execution logs
[2025-08-27T10:03:25.175+0000] {taskinstance.py:2076} INFO - Dependencies all met for dep_context=non-requeueable deps ti=<TaskInstance: bronze.load_json_to_minio manual__2025-08-27T10:03:22.306231+00:00 [queued]>
[2025-08-27T10:03:25.183+0000] {taskinstance.py:2076} INFO - Dependencies all met for dep_context=requeueable deps ti=<TaskInstance: bronze.load_json_to_minio manual__2025-08-27T10:03:22.306231+00:00 [queued]>
[2025-08-27T10:03:25.184+0000] {taskinstance.py:2306} INFO - Starting attempt 1 of 1
[2025-08-27T10:03:25.195+0000] {taskinstance.py:2330} INFO - Executing <Task(PythonOperator): load_json_to_minio> on 2025-08-27 10:03:22.306231+00:00
[2025-08-27T10:03:25.208+0000] {logging_mixin.py:188} WARNING - /home/***/.local/lib/python3.12/site-packages/***/task/task_runner/standard_task_runner.py:61 DeprecationWarning: This process (pid=223) is multi-threaded, use of fork() may lead to deadlocks in the child.
[2025-08-27T10:03:25.206+0000] {standard_task_runner.py:90} INFO - Running: ['***', 'tasks', 'run', 'bronze', 'load_json_to_minio', 'manual__2025-08-27T10:03:22.306231+00:00', '--job-id', '53', '--raw', '--subdir', 'DAGS_FOLDER/bronze_dag.py', '--cfg-path', '/tmp/tmpi3s8_ap0']
[2025-08-27T10:03:25.210+0000] {standard_task_runner.py:63} INFO - Started process 229 to run task
[2025-08-27T10:03:25.210+0000] {standard_task_runner.py:91} INFO - Job 53: Subtask load_json_to_minio
[2025-08-27T10:03:25.253+0000] {task_command.py:426} INFO - Running <TaskInstance: bronze.load_json_to_minio manual__2025-08-27T10:03:22.306231+00:00 [running]> on host e9525e38228d
[2025-08-27T10:03:25.332+0000] {taskinstance.py:2648} INFO - Exporting env vars: AIRFLOW_CTX_DAG_OWNER='***' AIRFLOW_CTX_DAG_ID='bronze' AIRFLOW_CTX_TASK_ID='load_json_to_minio' AIRFLOW_CTX_EXECUTION_DATE='2025-08-27T10:03:22.306231+00:00' AIRFLOW_CTX_TRY_NUMBER='1' AIRFLOW_CTX_DAG_RUN_ID='manual__2025-08-27T10:03:22.306231+00:00'
[2025-08-27T10:03:25.336+0000] {taskinstance.py:430} INFO - ::endgroup::
[2025-08-27T10:03:31.225+0000] {bronze_tasks.py:71} INFO - Uploaded game_events.json to lakehouse/json/
[2025-08-27T10:03:32.478+0000] {bronze_tasks.py:71} INFO - Uploaded player_valuations.json to lakehouse/json/
[2025-08-27T10:03:32.780+0000] {bronze_tasks.py:71} INFO - Uploaded transfers.json to lakehouse/json/
[2025-08-27T10:03:32.781+0000] {python.py:237} INFO - Done. Returned value was: None
[2025-08-27T10:03:32.782+0000] {taskinstance.py:441} INFO - ::group::Post task execution logs
[2025-08-27T10:03:32.791+0000] {taskinstance.py:1206} INFO - Marking task as SUCCESS. dag_id=bronze, task_id=load_json_to_minio, run_id=manual__2025-08-27T10:03:22.306231+00:00, execution_date=20250827T100322, start_date=20250827T100325, end_date=20250827T100332
[2025-08-27T10:03:32.825+0000] {local_task_job_runner.py:240} INFO - Task exited with return code 0
[2025-08-27T10:03:32.838+0000] {taskinstance.py:3503} INFO - 0 downstream tasks scheduled from follow-on schedule check
[2025-08-27T10:03:32.841+0000] {local_task_job_runner.py:222} INFO - ::endgroup::
