[2025-09-05T03:54:53.479+0000] {processor.py:161} INFO - Started process (PID=181) to work on /opt/airflow/dags/bronze_dag.py
[2025-09-05T03:54:53.480+0000] {processor.py:830} INFO - Processing file /opt/airflow/dags/bronze_dag.py for tasks to queue
[2025-09-05T03:54:53.483+0000] {logging_mixin.py:188} INFO - [2025-09-05T03:54:53.482+0000] {dagbag.py:545} INFO - Filling up the DagBag from /opt/airflow/dags/bronze_dag.py
[2025-09-05T03:54:56.592+0000] {processor.py:840} INFO - DAG(s) 'bronze' retrieved from /opt/airflow/dags/bronze_dag.py
[2025-09-05T03:54:56.894+0000] {logging_mixin.py:188} INFO - [2025-09-05T03:54:56.893+0000] {dag.py:3096} INFO - Sync 1 DAGs
[2025-09-05T03:54:56.926+0000] {logging_mixin.py:188} INFO - [2025-09-05T03:54:56.926+0000] {dag.py:3954} INFO - Setting next_dagrun for bronze to None, run_after=None
[2025-09-05T03:54:56.961+0000] {processor.py:183} INFO - Processing /opt/airflow/dags/bronze_dag.py took 3.490 seconds
[2025-09-05T03:55:27.180+0000] {processor.py:161} INFO - Started process (PID=199) to work on /opt/airflow/dags/bronze_dag.py
[2025-09-05T03:55:27.182+0000] {processor.py:830} INFO - Processing file /opt/airflow/dags/bronze_dag.py for tasks to queue
[2025-09-05T03:55:27.184+0000] {logging_mixin.py:188} INFO - [2025-09-05T03:55:27.184+0000] {dagbag.py:545} INFO - Filling up the DagBag from /opt/airflow/dags/bronze_dag.py
[2025-09-05T03:55:27.818+0000] {processor.py:840} INFO - DAG(s) 'bronze' retrieved from /opt/airflow/dags/bronze_dag.py
[2025-09-05T03:55:27.840+0000] {logging_mixin.py:188} INFO - [2025-09-05T03:55:27.839+0000] {dag.py:3096} INFO - Sync 1 DAGs
[2025-09-05T03:55:27.855+0000] {logging_mixin.py:188} INFO - [2025-09-05T03:55:27.855+0000] {dag.py:3954} INFO - Setting next_dagrun for bronze to None, run_after=None
[2025-09-05T03:55:27.870+0000] {processor.py:183} INFO - Processing /opt/airflow/dags/bronze_dag.py took 0.697 seconds
[2025-09-05T03:55:58.049+0000] {processor.py:161} INFO - Started process (PID=211) to work on /opt/airflow/dags/bronze_dag.py
[2025-09-05T03:55:58.050+0000] {processor.py:830} INFO - Processing file /opt/airflow/dags/bronze_dag.py for tasks to queue
[2025-09-05T03:55:58.052+0000] {logging_mixin.py:188} INFO - [2025-09-05T03:55:58.052+0000] {dagbag.py:545} INFO - Filling up the DagBag from /opt/airflow/dags/bronze_dag.py
[2025-09-05T03:55:58.683+0000] {processor.py:840} INFO - DAG(s) 'bronze' retrieved from /opt/airflow/dags/bronze_dag.py
[2025-09-05T03:55:58.707+0000] {logging_mixin.py:188} INFO - [2025-09-05T03:55:58.707+0000] {dag.py:3096} INFO - Sync 1 DAGs
[2025-09-05T03:55:58.727+0000] {logging_mixin.py:188} INFO - [2025-09-05T03:55:58.727+0000] {dag.py:3954} INFO - Setting next_dagrun for bronze to None, run_after=None
[2025-09-05T03:55:58.749+0000] {processor.py:183} INFO - Processing /opt/airflow/dags/bronze_dag.py took 0.706 seconds
[2025-09-05T03:56:28.950+0000] {processor.py:161} INFO - Started process (PID=223) to work on /opt/airflow/dags/bronze_dag.py
[2025-09-05T03:56:28.952+0000] {processor.py:830} INFO - Processing file /opt/airflow/dags/bronze_dag.py for tasks to queue
[2025-09-05T03:56:28.954+0000] {logging_mixin.py:188} INFO - [2025-09-05T03:56:28.954+0000] {dagbag.py:545} INFO - Filling up the DagBag from /opt/airflow/dags/bronze_dag.py
[2025-09-05T03:56:29.635+0000] {processor.py:840} INFO - DAG(s) 'bronze' retrieved from /opt/airflow/dags/bronze_dag.py
[2025-09-05T03:56:29.658+0000] {logging_mixin.py:188} INFO - [2025-09-05T03:56:29.657+0000] {dag.py:3096} INFO - Sync 1 DAGs
[2025-09-05T03:56:29.673+0000] {logging_mixin.py:188} INFO - [2025-09-05T03:56:29.673+0000] {dag.py:3954} INFO - Setting next_dagrun for bronze to None, run_after=None
[2025-09-05T03:56:29.691+0000] {processor.py:183} INFO - Processing /opt/airflow/dags/bronze_dag.py took 0.750 seconds
[2025-09-05T03:56:59.872+0000] {processor.py:161} INFO - Started process (PID=235) to work on /opt/airflow/dags/bronze_dag.py
[2025-09-05T03:56:59.873+0000] {processor.py:830} INFO - Processing file /opt/airflow/dags/bronze_dag.py for tasks to queue
[2025-09-05T03:56:59.875+0000] {logging_mixin.py:188} INFO - [2025-09-05T03:56:59.875+0000] {dagbag.py:545} INFO - Filling up the DagBag from /opt/airflow/dags/bronze_dag.py
[2025-09-05T03:57:00.494+0000] {processor.py:840} INFO - DAG(s) 'bronze' retrieved from /opt/airflow/dags/bronze_dag.py
[2025-09-05T03:57:00.518+0000] {logging_mixin.py:188} INFO - [2025-09-05T03:57:00.517+0000] {dag.py:3096} INFO - Sync 1 DAGs
[2025-09-05T03:57:00.534+0000] {logging_mixin.py:188} INFO - [2025-09-05T03:57:00.533+0000] {dag.py:3954} INFO - Setting next_dagrun for bronze to None, run_after=None
[2025-09-05T03:57:00.550+0000] {processor.py:183} INFO - Processing /opt/airflow/dags/bronze_dag.py took 0.686 seconds
[2025-09-05T03:57:30.731+0000] {processor.py:161} INFO - Started process (PID=247) to work on /opt/airflow/dags/bronze_dag.py
[2025-09-05T03:57:30.732+0000] {processor.py:830} INFO - Processing file /opt/airflow/dags/bronze_dag.py for tasks to queue
[2025-09-05T03:57:30.734+0000] {logging_mixin.py:188} INFO - [2025-09-05T03:57:30.734+0000] {dagbag.py:545} INFO - Filling up the DagBag from /opt/airflow/dags/bronze_dag.py
[2025-09-05T03:57:31.377+0000] {processor.py:840} INFO - DAG(s) 'bronze' retrieved from /opt/airflow/dags/bronze_dag.py
[2025-09-05T03:57:31.406+0000] {logging_mixin.py:188} INFO - [2025-09-05T03:57:31.405+0000] {dag.py:3096} INFO - Sync 1 DAGs
[2025-09-05T03:57:31.424+0000] {logging_mixin.py:188} INFO - [2025-09-05T03:57:31.424+0000] {dag.py:3954} INFO - Setting next_dagrun for bronze to None, run_after=None
[2025-09-05T03:57:31.441+0000] {processor.py:183} INFO - Processing /opt/airflow/dags/bronze_dag.py took 0.716 seconds
[2025-09-05T03:58:01.660+0000] {processor.py:161} INFO - Started process (PID=259) to work on /opt/airflow/dags/bronze_dag.py
[2025-09-05T03:58:01.662+0000] {processor.py:830} INFO - Processing file /opt/airflow/dags/bronze_dag.py for tasks to queue
[2025-09-05T03:58:01.664+0000] {logging_mixin.py:188} INFO - [2025-09-05T03:58:01.663+0000] {dagbag.py:545} INFO - Filling up the DagBag from /opt/airflow/dags/bronze_dag.py
[2025-09-05T03:58:02.276+0000] {processor.py:840} INFO - DAG(s) 'bronze' retrieved from /opt/airflow/dags/bronze_dag.py
[2025-09-05T03:58:02.299+0000] {logging_mixin.py:188} INFO - [2025-09-05T03:58:02.299+0000] {dag.py:3096} INFO - Sync 1 DAGs
[2025-09-05T03:58:02.313+0000] {logging_mixin.py:188} INFO - [2025-09-05T03:58:02.313+0000] {dag.py:3954} INFO - Setting next_dagrun for bronze to None, run_after=None
[2025-09-05T03:58:02.330+0000] {processor.py:183} INFO - Processing /opt/airflow/dags/bronze_dag.py took 0.676 seconds
[2025-09-05T03:58:32.512+0000] {processor.py:161} INFO - Started process (PID=271) to work on /opt/airflow/dags/bronze_dag.py
[2025-09-05T03:58:32.513+0000] {processor.py:830} INFO - Processing file /opt/airflow/dags/bronze_dag.py for tasks to queue
[2025-09-05T03:58:32.515+0000] {logging_mixin.py:188} INFO - [2025-09-05T03:58:32.515+0000] {dagbag.py:545} INFO - Filling up the DagBag from /opt/airflow/dags/bronze_dag.py
[2025-09-05T03:58:33.137+0000] {processor.py:840} INFO - DAG(s) 'bronze' retrieved from /opt/airflow/dags/bronze_dag.py
[2025-09-05T03:58:33.163+0000] {logging_mixin.py:188} INFO - [2025-09-05T03:58:33.162+0000] {dag.py:3096} INFO - Sync 1 DAGs
[2025-09-05T03:58:33.181+0000] {logging_mixin.py:188} INFO - [2025-09-05T03:58:33.181+0000] {dag.py:3954} INFO - Setting next_dagrun for bronze to None, run_after=None
[2025-09-05T03:58:33.199+0000] {processor.py:183} INFO - Processing /opt/airflow/dags/bronze_dag.py took 0.692 seconds
[2025-09-05T03:59:03.379+0000] {processor.py:161} INFO - Started process (PID=283) to work on /opt/airflow/dags/bronze_dag.py
[2025-09-05T03:59:03.380+0000] {processor.py:830} INFO - Processing file /opt/airflow/dags/bronze_dag.py for tasks to queue
[2025-09-05T03:59:03.383+0000] {logging_mixin.py:188} INFO - [2025-09-05T03:59:03.382+0000] {dagbag.py:545} INFO - Filling up the DagBag from /opt/airflow/dags/bronze_dag.py
[2025-09-05T03:59:04.048+0000] {processor.py:840} INFO - DAG(s) 'bronze' retrieved from /opt/airflow/dags/bronze_dag.py
[2025-09-05T03:59:04.070+0000] {logging_mixin.py:188} INFO - [2025-09-05T03:59:04.069+0000] {dag.py:3096} INFO - Sync 1 DAGs
[2025-09-05T03:59:04.085+0000] {logging_mixin.py:188} INFO - [2025-09-05T03:59:04.085+0000] {dag.py:3954} INFO - Setting next_dagrun for bronze to None, run_after=None
[2025-09-05T03:59:04.103+0000] {processor.py:183} INFO - Processing /opt/airflow/dags/bronze_dag.py took 0.731 seconds
[2025-09-05T03:59:34.287+0000] {processor.py:161} INFO - Started process (PID=295) to work on /opt/airflow/dags/bronze_dag.py
[2025-09-05T03:59:34.288+0000] {processor.py:830} INFO - Processing file /opt/airflow/dags/bronze_dag.py for tasks to queue
[2025-09-05T03:59:34.289+0000] {logging_mixin.py:188} INFO - [2025-09-05T03:59:34.289+0000] {dagbag.py:545} INFO - Filling up the DagBag from /opt/airflow/dags/bronze_dag.py
[2025-09-05T03:59:34.916+0000] {processor.py:840} INFO - DAG(s) 'bronze' retrieved from /opt/airflow/dags/bronze_dag.py
[2025-09-05T03:59:34.939+0000] {logging_mixin.py:188} INFO - [2025-09-05T03:59:34.939+0000] {dag.py:3096} INFO - Sync 1 DAGs
[2025-09-05T03:59:34.953+0000] {logging_mixin.py:188} INFO - [2025-09-05T03:59:34.953+0000] {dag.py:3954} INFO - Setting next_dagrun for bronze to None, run_after=None
[2025-09-05T03:59:34.969+0000] {processor.py:183} INFO - Processing /opt/airflow/dags/bronze_dag.py took 0.689 seconds
[2025-09-05T04:00:05.170+0000] {processor.py:161} INFO - Started process (PID=307) to work on /opt/airflow/dags/bronze_dag.py
[2025-09-05T04:00:05.171+0000] {processor.py:830} INFO - Processing file /opt/airflow/dags/bronze_dag.py for tasks to queue
[2025-09-05T04:00:05.174+0000] {logging_mixin.py:188} INFO - [2025-09-05T04:00:05.174+0000] {dagbag.py:545} INFO - Filling up the DagBag from /opt/airflow/dags/bronze_dag.py
[2025-09-05T04:00:05.801+0000] {processor.py:840} INFO - DAG(s) 'bronze' retrieved from /opt/airflow/dags/bronze_dag.py
[2025-09-05T04:00:05.824+0000] {logging_mixin.py:188} INFO - [2025-09-05T04:00:05.823+0000] {dag.py:3096} INFO - Sync 1 DAGs
[2025-09-05T04:00:05.838+0000] {logging_mixin.py:188} INFO - [2025-09-05T04:00:05.838+0000] {dag.py:3954} INFO - Setting next_dagrun for bronze to None, run_after=None
[2025-09-05T04:00:05.854+0000] {processor.py:183} INFO - Processing /opt/airflow/dags/bronze_dag.py took 0.691 seconds
[2025-09-05T04:00:36.042+0000] {processor.py:161} INFO - Started process (PID=319) to work on /opt/airflow/dags/bronze_dag.py
[2025-09-05T04:00:36.043+0000] {processor.py:830} INFO - Processing file /opt/airflow/dags/bronze_dag.py for tasks to queue
[2025-09-05T04:00:36.045+0000] {logging_mixin.py:188} INFO - [2025-09-05T04:00:36.044+0000] {dagbag.py:545} INFO - Filling up the DagBag from /opt/airflow/dags/bronze_dag.py
[2025-09-05T04:00:36.631+0000] {processor.py:840} INFO - DAG(s) 'bronze' retrieved from /opt/airflow/dags/bronze_dag.py
[2025-09-05T04:00:36.654+0000] {logging_mixin.py:188} INFO - [2025-09-05T04:00:36.654+0000] {dag.py:3096} INFO - Sync 1 DAGs
[2025-09-05T04:00:36.671+0000] {logging_mixin.py:188} INFO - [2025-09-05T04:00:36.670+0000] {dag.py:3954} INFO - Setting next_dagrun for bronze to None, run_after=None
[2025-09-05T04:00:36.688+0000] {processor.py:183} INFO - Processing /opt/airflow/dags/bronze_dag.py took 0.652 seconds
[2025-09-05T04:01:06.881+0000] {processor.py:161} INFO - Started process (PID=331) to work on /opt/airflow/dags/bronze_dag.py
[2025-09-05T04:01:06.882+0000] {processor.py:830} INFO - Processing file /opt/airflow/dags/bronze_dag.py for tasks to queue
[2025-09-05T04:01:06.884+0000] {logging_mixin.py:188} INFO - [2025-09-05T04:01:06.884+0000] {dagbag.py:545} INFO - Filling up the DagBag from /opt/airflow/dags/bronze_dag.py
[2025-09-05T04:01:07.470+0000] {processor.py:840} INFO - DAG(s) 'bronze' retrieved from /opt/airflow/dags/bronze_dag.py
[2025-09-05T04:01:07.492+0000] {logging_mixin.py:188} INFO - [2025-09-05T04:01:07.491+0000] {dag.py:3096} INFO - Sync 1 DAGs
[2025-09-05T04:01:07.507+0000] {logging_mixin.py:188} INFO - [2025-09-05T04:01:07.507+0000] {dag.py:3954} INFO - Setting next_dagrun for bronze to None, run_after=None
[2025-09-05T04:01:07.524+0000] {processor.py:183} INFO - Processing /opt/airflow/dags/bronze_dag.py took 0.649 seconds
[2025-09-05T04:01:37.694+0000] {processor.py:161} INFO - Started process (PID=343) to work on /opt/airflow/dags/bronze_dag.py
[2025-09-05T04:01:37.695+0000] {processor.py:830} INFO - Processing file /opt/airflow/dags/bronze_dag.py for tasks to queue
[2025-09-05T04:01:37.697+0000] {logging_mixin.py:188} INFO - [2025-09-05T04:01:37.697+0000] {dagbag.py:545} INFO - Filling up the DagBag from /opt/airflow/dags/bronze_dag.py
[2025-09-05T04:01:38.329+0000] {processor.py:840} INFO - DAG(s) 'bronze' retrieved from /opt/airflow/dags/bronze_dag.py
[2025-09-05T04:01:38.352+0000] {logging_mixin.py:188} INFO - [2025-09-05T04:01:38.351+0000] {dag.py:3096} INFO - Sync 1 DAGs
[2025-09-05T04:01:38.369+0000] {logging_mixin.py:188} INFO - [2025-09-05T04:01:38.369+0000] {dag.py:3954} INFO - Setting next_dagrun for bronze to None, run_after=None
[2025-09-05T04:01:38.385+0000] {processor.py:183} INFO - Processing /opt/airflow/dags/bronze_dag.py took 0.697 seconds
[2025-09-05T04:02:08.486+0000] {processor.py:161} INFO - Started process (PID=355) to work on /opt/airflow/dags/bronze_dag.py
[2025-09-05T04:02:08.487+0000] {processor.py:830} INFO - Processing file /opt/airflow/dags/bronze_dag.py for tasks to queue
[2025-09-05T04:02:08.488+0000] {logging_mixin.py:188} INFO - [2025-09-05T04:02:08.488+0000] {dagbag.py:545} INFO - Filling up the DagBag from /opt/airflow/dags/bronze_dag.py
[2025-09-05T04:02:09.136+0000] {processor.py:840} INFO - DAG(s) 'bronze' retrieved from /opt/airflow/dags/bronze_dag.py
[2025-09-05T04:02:09.158+0000] {logging_mixin.py:188} INFO - [2025-09-05T04:02:09.157+0000] {dag.py:3096} INFO - Sync 1 DAGs
[2025-09-05T04:02:09.176+0000] {logging_mixin.py:188} INFO - [2025-09-05T04:02:09.176+0000] {dag.py:3954} INFO - Setting next_dagrun for bronze to None, run_after=None
[2025-09-05T04:02:09.194+0000] {processor.py:183} INFO - Processing /opt/airflow/dags/bronze_dag.py took 0.715 seconds
[2025-09-05T04:02:39.376+0000] {processor.py:161} INFO - Started process (PID=368) to work on /opt/airflow/dags/bronze_dag.py
[2025-09-05T04:02:39.377+0000] {processor.py:830} INFO - Processing file /opt/airflow/dags/bronze_dag.py for tasks to queue
[2025-09-05T04:02:39.379+0000] {logging_mixin.py:188} INFO - [2025-09-05T04:02:39.379+0000] {dagbag.py:545} INFO - Filling up the DagBag from /opt/airflow/dags/bronze_dag.py
[2025-09-05T04:02:39.943+0000] {processor.py:840} INFO - DAG(s) 'bronze' retrieved from /opt/airflow/dags/bronze_dag.py
[2025-09-05T04:02:39.966+0000] {logging_mixin.py:188} INFO - [2025-09-05T04:02:39.965+0000] {dag.py:3096} INFO - Sync 1 DAGs
[2025-09-05T04:02:39.980+0000] {logging_mixin.py:188} INFO - [2025-09-05T04:02:39.980+0000] {dag.py:3954} INFO - Setting next_dagrun for bronze to None, run_after=None
[2025-09-05T04:02:39.995+0000] {processor.py:183} INFO - Processing /opt/airflow/dags/bronze_dag.py took 0.625 seconds
[2025-09-05T04:03:10.164+0000] {processor.py:161} INFO - Started process (PID=380) to work on /opt/airflow/dags/bronze_dag.py
[2025-09-05T04:03:10.165+0000] {processor.py:830} INFO - Processing file /opt/airflow/dags/bronze_dag.py for tasks to queue
[2025-09-05T04:03:10.166+0000] {logging_mixin.py:188} INFO - [2025-09-05T04:03:10.166+0000] {dagbag.py:545} INFO - Filling up the DagBag from /opt/airflow/dags/bronze_dag.py
[2025-09-05T04:03:10.805+0000] {processor.py:840} INFO - DAG(s) 'bronze' retrieved from /opt/airflow/dags/bronze_dag.py
[2025-09-05T04:03:10.828+0000] {logging_mixin.py:188} INFO - [2025-09-05T04:03:10.828+0000] {dag.py:3096} INFO - Sync 1 DAGs
[2025-09-05T04:03:10.843+0000] {logging_mixin.py:188} INFO - [2025-09-05T04:03:10.843+0000] {dag.py:3954} INFO - Setting next_dagrun for bronze to None, run_after=None
[2025-09-05T04:03:10.863+0000] {processor.py:183} INFO - Processing /opt/airflow/dags/bronze_dag.py took 0.705 seconds
[2025-09-05T04:03:40.999+0000] {processor.py:161} INFO - Started process (PID=392) to work on /opt/airflow/dags/bronze_dag.py
[2025-09-05T04:03:41.002+0000] {processor.py:830} INFO - Processing file /opt/airflow/dags/bronze_dag.py for tasks to queue
[2025-09-05T04:03:41.004+0000] {logging_mixin.py:188} INFO - [2025-09-05T04:03:41.003+0000] {dagbag.py:545} INFO - Filling up the DagBag from /opt/airflow/dags/bronze_dag.py
[2025-09-05T04:03:41.608+0000] {processor.py:840} INFO - DAG(s) 'bronze' retrieved from /opt/airflow/dags/bronze_dag.py
[2025-09-05T04:03:41.634+0000] {logging_mixin.py:188} INFO - [2025-09-05T04:03:41.633+0000] {dag.py:3096} INFO - Sync 1 DAGs
[2025-09-05T04:03:41.652+0000] {logging_mixin.py:188} INFO - [2025-09-05T04:03:41.652+0000] {dag.py:3954} INFO - Setting next_dagrun for bronze to None, run_after=None
[2025-09-05T04:03:41.674+0000] {processor.py:183} INFO - Processing /opt/airflow/dags/bronze_dag.py took 0.682 seconds
[2025-09-05T04:04:11.869+0000] {processor.py:161} INFO - Started process (PID=404) to work on /opt/airflow/dags/bronze_dag.py
[2025-09-05T04:04:11.870+0000] {processor.py:830} INFO - Processing file /opt/airflow/dags/bronze_dag.py for tasks to queue
[2025-09-05T04:04:11.872+0000] {logging_mixin.py:188} INFO - [2025-09-05T04:04:11.872+0000] {dagbag.py:545} INFO - Filling up the DagBag from /opt/airflow/dags/bronze_dag.py
[2025-09-05T04:04:12.488+0000] {processor.py:840} INFO - DAG(s) 'bronze' retrieved from /opt/airflow/dags/bronze_dag.py
[2025-09-05T04:04:12.511+0000] {logging_mixin.py:188} INFO - [2025-09-05T04:04:12.510+0000] {dag.py:3096} INFO - Sync 1 DAGs
[2025-09-05T04:04:12.525+0000] {logging_mixin.py:188} INFO - [2025-09-05T04:04:12.525+0000] {dag.py:3954} INFO - Setting next_dagrun for bronze to None, run_after=None
[2025-09-05T04:04:12.544+0000] {processor.py:183} INFO - Processing /opt/airflow/dags/bronze_dag.py took 0.682 seconds
[2025-09-05T04:04:42.715+0000] {processor.py:161} INFO - Started process (PID=416) to work on /opt/airflow/dags/bronze_dag.py
[2025-09-05T04:04:42.716+0000] {processor.py:830} INFO - Processing file /opt/airflow/dags/bronze_dag.py for tasks to queue
[2025-09-05T04:04:42.718+0000] {logging_mixin.py:188} INFO - [2025-09-05T04:04:42.718+0000] {dagbag.py:545} INFO - Filling up the DagBag from /opt/airflow/dags/bronze_dag.py
[2025-09-05T04:04:43.356+0000] {processor.py:840} INFO - DAG(s) 'bronze' retrieved from /opt/airflow/dags/bronze_dag.py
[2025-09-05T04:04:43.376+0000] {logging_mixin.py:188} INFO - [2025-09-05T04:04:43.376+0000] {dag.py:3096} INFO - Sync 1 DAGs
[2025-09-05T04:04:43.392+0000] {logging_mixin.py:188} INFO - [2025-09-05T04:04:43.391+0000] {dag.py:3954} INFO - Setting next_dagrun for bronze to None, run_after=None
[2025-09-05T04:04:43.408+0000] {processor.py:183} INFO - Processing /opt/airflow/dags/bronze_dag.py took 0.698 seconds
[2025-09-05T04:05:13.504+0000] {processor.py:161} INFO - Started process (PID=428) to work on /opt/airflow/dags/bronze_dag.py
[2025-09-05T04:05:13.505+0000] {processor.py:830} INFO - Processing file /opt/airflow/dags/bronze_dag.py for tasks to queue
[2025-09-05T04:05:13.506+0000] {logging_mixin.py:188} INFO - [2025-09-05T04:05:13.506+0000] {dagbag.py:545} INFO - Filling up the DagBag from /opt/airflow/dags/bronze_dag.py
[2025-09-05T04:05:14.164+0000] {processor.py:840} INFO - DAG(s) 'bronze' retrieved from /opt/airflow/dags/bronze_dag.py
[2025-09-05T04:05:14.189+0000] {logging_mixin.py:188} INFO - [2025-09-05T04:05:14.189+0000] {dag.py:3096} INFO - Sync 1 DAGs
[2025-09-05T04:05:14.215+0000] {logging_mixin.py:188} INFO - [2025-09-05T04:05:14.215+0000] {dag.py:3954} INFO - Setting next_dagrun for bronze to None, run_after=None
[2025-09-05T04:05:14.245+0000] {processor.py:183} INFO - Processing /opt/airflow/dags/bronze_dag.py took 0.748 seconds
[2025-09-05T04:05:44.441+0000] {processor.py:161} INFO - Started process (PID=440) to work on /opt/airflow/dags/bronze_dag.py
[2025-09-05T04:05:44.442+0000] {processor.py:830} INFO - Processing file /opt/airflow/dags/bronze_dag.py for tasks to queue
[2025-09-05T04:05:44.444+0000] {logging_mixin.py:188} INFO - [2025-09-05T04:05:44.444+0000] {dagbag.py:545} INFO - Filling up the DagBag from /opt/airflow/dags/bronze_dag.py
[2025-09-05T04:05:45.038+0000] {processor.py:840} INFO - DAG(s) 'bronze' retrieved from /opt/airflow/dags/bronze_dag.py
[2025-09-05T04:05:45.062+0000] {logging_mixin.py:188} INFO - [2025-09-05T04:05:45.061+0000] {dag.py:3096} INFO - Sync 1 DAGs
[2025-09-05T04:05:45.077+0000] {logging_mixin.py:188} INFO - [2025-09-05T04:05:45.077+0000] {dag.py:3954} INFO - Setting next_dagrun for bronze to None, run_after=None
[2025-09-05T04:05:45.092+0000] {processor.py:183} INFO - Processing /opt/airflow/dags/bronze_dag.py took 0.657 seconds
[2025-09-05T04:06:15.278+0000] {processor.py:161} INFO - Started process (PID=452) to work on /opt/airflow/dags/bronze_dag.py
[2025-09-05T04:06:15.279+0000] {processor.py:830} INFO - Processing file /opt/airflow/dags/bronze_dag.py for tasks to queue
[2025-09-05T04:06:15.281+0000] {logging_mixin.py:188} INFO - [2025-09-05T04:06:15.281+0000] {dagbag.py:545} INFO - Filling up the DagBag from /opt/airflow/dags/bronze_dag.py
[2025-09-05T04:06:16.020+0000] {processor.py:840} INFO - DAG(s) 'bronze' retrieved from /opt/airflow/dags/bronze_dag.py
[2025-09-05T04:06:16.051+0000] {logging_mixin.py:188} INFO - [2025-09-05T04:06:16.050+0000] {dag.py:3096} INFO - Sync 1 DAGs
[2025-09-05T04:06:16.070+0000] {logging_mixin.py:188} INFO - [2025-09-05T04:06:16.070+0000] {dag.py:3954} INFO - Setting next_dagrun for bronze to None, run_after=None
[2025-09-05T04:06:16.090+0000] {processor.py:183} INFO - Processing /opt/airflow/dags/bronze_dag.py took 0.818 seconds
[2025-09-05T04:06:46.266+0000] {processor.py:161} INFO - Started process (PID=464) to work on /opt/airflow/dags/bronze_dag.py
[2025-09-05T04:06:46.267+0000] {processor.py:830} INFO - Processing file /opt/airflow/dags/bronze_dag.py for tasks to queue
[2025-09-05T04:06:46.270+0000] {logging_mixin.py:188} INFO - [2025-09-05T04:06:46.270+0000] {dagbag.py:545} INFO - Filling up the DagBag from /opt/airflow/dags/bronze_dag.py
[2025-09-05T04:06:46.902+0000] {processor.py:840} INFO - DAG(s) 'bronze' retrieved from /opt/airflow/dags/bronze_dag.py
[2025-09-05T04:06:46.924+0000] {logging_mixin.py:188} INFO - [2025-09-05T04:06:46.924+0000] {dag.py:3096} INFO - Sync 1 DAGs
[2025-09-05T04:06:46.940+0000] {logging_mixin.py:188} INFO - [2025-09-05T04:06:46.940+0000] {dag.py:3954} INFO - Setting next_dagrun for bronze to None, run_after=None
[2025-09-05T04:06:46.962+0000] {processor.py:183} INFO - Processing /opt/airflow/dags/bronze_dag.py took 0.705 seconds
[2025-09-05T04:07:17.155+0000] {processor.py:161} INFO - Started process (PID=476) to work on /opt/airflow/dags/bronze_dag.py
[2025-09-05T04:07:17.157+0000] {processor.py:830} INFO - Processing file /opt/airflow/dags/bronze_dag.py for tasks to queue
[2025-09-05T04:07:17.159+0000] {logging_mixin.py:188} INFO - [2025-09-05T04:07:17.158+0000] {dagbag.py:545} INFO - Filling up the DagBag from /opt/airflow/dags/bronze_dag.py
[2025-09-05T04:07:17.765+0000] {processor.py:840} INFO - DAG(s) 'bronze' retrieved from /opt/airflow/dags/bronze_dag.py
[2025-09-05T04:07:17.786+0000] {logging_mixin.py:188} INFO - [2025-09-05T04:07:17.785+0000] {dag.py:3096} INFO - Sync 1 DAGs
[2025-09-05T04:07:17.801+0000] {logging_mixin.py:188} INFO - [2025-09-05T04:07:17.801+0000] {dag.py:3954} INFO - Setting next_dagrun for bronze to None, run_after=None
[2025-09-05T04:07:17.816+0000] {processor.py:183} INFO - Processing /opt/airflow/dags/bronze_dag.py took 0.670 seconds
[2025-09-05T04:07:47.991+0000] {processor.py:161} INFO - Started process (PID=488) to work on /opt/airflow/dags/bronze_dag.py
[2025-09-05T04:07:47.992+0000] {processor.py:830} INFO - Processing file /opt/airflow/dags/bronze_dag.py for tasks to queue
[2025-09-05T04:07:47.993+0000] {logging_mixin.py:188} INFO - [2025-09-05T04:07:47.993+0000] {dagbag.py:545} INFO - Filling up the DagBag from /opt/airflow/dags/bronze_dag.py
[2025-09-05T04:07:48.730+0000] {processor.py:840} INFO - DAG(s) 'bronze' retrieved from /opt/airflow/dags/bronze_dag.py
[2025-09-05T04:07:48.755+0000] {logging_mixin.py:188} INFO - [2025-09-05T04:07:48.754+0000] {dag.py:3096} INFO - Sync 1 DAGs
[2025-09-05T04:07:48.775+0000] {logging_mixin.py:188} INFO - [2025-09-05T04:07:48.775+0000] {dag.py:3954} INFO - Setting next_dagrun for bronze to None, run_after=None
[2025-09-05T04:07:48.792+0000] {processor.py:183} INFO - Processing /opt/airflow/dags/bronze_dag.py took 0.808 seconds
[2025-09-05T04:08:18.975+0000] {processor.py:161} INFO - Started process (PID=500) to work on /opt/airflow/dags/bronze_dag.py
[2025-09-05T04:08:18.976+0000] {processor.py:830} INFO - Processing file /opt/airflow/dags/bronze_dag.py for tasks to queue
[2025-09-05T04:08:18.978+0000] {logging_mixin.py:188} INFO - [2025-09-05T04:08:18.977+0000] {dagbag.py:545} INFO - Filling up the DagBag from /opt/airflow/dags/bronze_dag.py
[2025-09-05T04:08:19.670+0000] {processor.py:840} INFO - DAG(s) 'bronze' retrieved from /opt/airflow/dags/bronze_dag.py
[2025-09-05T04:08:19.694+0000] {logging_mixin.py:188} INFO - [2025-09-05T04:08:19.694+0000] {dag.py:3096} INFO - Sync 1 DAGs
[2025-09-05T04:08:19.714+0000] {logging_mixin.py:188} INFO - [2025-09-05T04:08:19.714+0000] {dag.py:3954} INFO - Setting next_dagrun for bronze to None, run_after=None
[2025-09-05T04:08:19.735+0000] {processor.py:183} INFO - Processing /opt/airflow/dags/bronze_dag.py took 0.766 seconds
[2025-09-05T04:08:49.872+0000] {processor.py:161} INFO - Started process (PID=512) to work on /opt/airflow/dags/bronze_dag.py
[2025-09-05T04:08:49.873+0000] {processor.py:830} INFO - Processing file /opt/airflow/dags/bronze_dag.py for tasks to queue
[2025-09-05T04:08:49.875+0000] {logging_mixin.py:188} INFO - [2025-09-05T04:08:49.875+0000] {dagbag.py:545} INFO - Filling up the DagBag from /opt/airflow/dags/bronze_dag.py
[2025-09-05T04:08:50.552+0000] {processor.py:840} INFO - DAG(s) 'bronze' retrieved from /opt/airflow/dags/bronze_dag.py
[2025-09-05T04:08:50.584+0000] {logging_mixin.py:188} INFO - [2025-09-05T04:08:50.583+0000] {dag.py:3096} INFO - Sync 1 DAGs
[2025-09-05T04:08:50.604+0000] {logging_mixin.py:188} INFO - [2025-09-05T04:08:50.604+0000] {dag.py:3954} INFO - Setting next_dagrun for bronze to None, run_after=None
[2025-09-05T04:08:50.625+0000] {processor.py:183} INFO - Processing /opt/airflow/dags/bronze_dag.py took 0.760 seconds
[2025-09-05T12:46:24.730+0000] {processor.py:161} INFO - Started process (PID=193) to work on /opt/airflow/dags/bronze_dag.py
[2025-09-05T12:46:24.733+0000] {processor.py:830} INFO - Processing file /opt/airflow/dags/bronze_dag.py for tasks to queue
[2025-09-05T12:46:24.737+0000] {logging_mixin.py:188} INFO - [2025-09-05T12:46:24.736+0000] {dagbag.py:545} INFO - Filling up the DagBag from /opt/airflow/dags/bronze_dag.py
[2025-09-05T12:46:31.095+0000] {processor.py:840} INFO - DAG(s) 'bronze' retrieved from /opt/airflow/dags/bronze_dag.py
[2025-09-05T12:46:31.401+0000] {logging_mixin.py:188} INFO - [2025-09-05T12:46:31.400+0000] {dag.py:3096} INFO - Sync 1 DAGs
[2025-09-05T12:46:31.433+0000] {logging_mixin.py:188} INFO - [2025-09-05T12:46:31.433+0000] {dag.py:3954} INFO - Setting next_dagrun for bronze to None, run_after=None
[2025-09-05T12:46:31.462+0000] {processor.py:183} INFO - Processing /opt/airflow/dags/bronze_dag.py took 6.742 seconds
[2025-09-05T12:47:01.794+0000] {processor.py:161} INFO - Started process (PID=211) to work on /opt/airflow/dags/bronze_dag.py
[2025-09-05T12:47:01.797+0000] {processor.py:830} INFO - Processing file /opt/airflow/dags/bronze_dag.py for tasks to queue
[2025-09-05T12:47:01.801+0000] {logging_mixin.py:188} INFO - [2025-09-05T12:47:01.801+0000] {dagbag.py:545} INFO - Filling up the DagBag from /opt/airflow/dags/bronze_dag.py
[2025-09-05T12:47:02.971+0000] {processor.py:840} INFO - DAG(s) 'bronze' retrieved from /opt/airflow/dags/bronze_dag.py
[2025-09-05T12:47:03.018+0000] {logging_mixin.py:188} INFO - [2025-09-05T12:47:03.017+0000] {dag.py:3096} INFO - Sync 1 DAGs
[2025-09-05T12:47:03.062+0000] {logging_mixin.py:188} INFO - [2025-09-05T12:47:03.062+0000] {dag.py:3954} INFO - Setting next_dagrun for bronze to None, run_after=None
[2025-09-05T12:47:03.096+0000] {processor.py:183} INFO - Processing /opt/airflow/dags/bronze_dag.py took 1.317 seconds
[2025-09-05T12:47:33.416+0000] {processor.py:161} INFO - Started process (PID=223) to work on /opt/airflow/dags/bronze_dag.py
[2025-09-05T12:47:33.418+0000] {processor.py:830} INFO - Processing file /opt/airflow/dags/bronze_dag.py for tasks to queue
[2025-09-05T12:47:33.422+0000] {logging_mixin.py:188} INFO - [2025-09-05T12:47:33.422+0000] {dagbag.py:545} INFO - Filling up the DagBag from /opt/airflow/dags/bronze_dag.py
[2025-09-05T12:47:34.742+0000] {processor.py:840} INFO - DAG(s) 'bronze' retrieved from /opt/airflow/dags/bronze_dag.py
[2025-09-05T12:47:34.782+0000] {logging_mixin.py:188} INFO - [2025-09-05T12:47:34.781+0000] {dag.py:3096} INFO - Sync 1 DAGs
[2025-09-05T12:47:34.806+0000] {logging_mixin.py:188} INFO - [2025-09-05T12:47:34.806+0000] {dag.py:3954} INFO - Setting next_dagrun for bronze to None, run_after=None
[2025-09-05T12:47:34.835+0000] {processor.py:183} INFO - Processing /opt/airflow/dags/bronze_dag.py took 1.432 seconds
[2025-09-05T12:48:05.185+0000] {processor.py:161} INFO - Started process (PID=299) to work on /opt/airflow/dags/bronze_dag.py
[2025-09-05T12:48:05.188+0000] {processor.py:830} INFO - Processing file /opt/airflow/dags/bronze_dag.py for tasks to queue
[2025-09-05T12:48:05.197+0000] {logging_mixin.py:188} INFO - [2025-09-05T12:48:05.196+0000] {dagbag.py:545} INFO - Filling up the DagBag from /opt/airflow/dags/bronze_dag.py
[2025-09-05T16:44:28.052+0000] {processor.py:161} INFO - Started process (PID=181) to work on /opt/airflow/dags/bronze_dag.py
[2025-09-05T16:44:28.054+0000] {processor.py:830} INFO - Processing file /opt/airflow/dags/bronze_dag.py for tasks to queue
[2025-09-05T16:44:28.059+0000] {logging_mixin.py:188} INFO - [2025-09-05T16:44:28.058+0000] {dagbag.py:545} INFO - Filling up the DagBag from /opt/airflow/dags/bronze_dag.py
[2025-09-05T16:44:33.069+0000] {processor.py:840} INFO - DAG(s) 'bronze' retrieved from /opt/airflow/dags/bronze_dag.py
[2025-09-05T16:44:33.318+0000] {logging_mixin.py:188} INFO - [2025-09-05T16:44:33.318+0000] {dag.py:3096} INFO - Sync 1 DAGs
[2025-09-05T16:44:33.338+0000] {logging_mixin.py:188} INFO - [2025-09-05T16:44:33.337+0000] {dag.py:3954} INFO - Setting next_dagrun for bronze to None, run_after=None
[2025-09-05T16:44:33.358+0000] {processor.py:183} INFO - Processing /opt/airflow/dags/bronze_dag.py took 5.328 seconds
[2025-09-05T16:45:03.539+0000] {processor.py:161} INFO - Started process (PID=199) to work on /opt/airflow/dags/bronze_dag.py
[2025-09-05T16:45:03.540+0000] {processor.py:830} INFO - Processing file /opt/airflow/dags/bronze_dag.py for tasks to queue
[2025-09-05T16:45:03.543+0000] {logging_mixin.py:188} INFO - [2025-09-05T16:45:03.542+0000] {dagbag.py:545} INFO - Filling up the DagBag from /opt/airflow/dags/bronze_dag.py
[2025-09-05T16:45:04.245+0000] {processor.py:840} INFO - DAG(s) 'bronze' retrieved from /opt/airflow/dags/bronze_dag.py
[2025-09-05T16:45:04.269+0000] {logging_mixin.py:188} INFO - [2025-09-05T16:45:04.268+0000] {dag.py:3096} INFO - Sync 1 DAGs
[2025-09-05T16:45:04.286+0000] {logging_mixin.py:188} INFO - [2025-09-05T16:45:04.285+0000] {dag.py:3954} INFO - Setting next_dagrun for bronze to None, run_after=None
[2025-09-05T16:45:04.302+0000] {processor.py:183} INFO - Processing /opt/airflow/dags/bronze_dag.py took 0.772 seconds
[2025-09-05T16:45:34.483+0000] {processor.py:161} INFO - Started process (PID=211) to work on /opt/airflow/dags/bronze_dag.py
[2025-09-05T16:45:34.484+0000] {processor.py:830} INFO - Processing file /opt/airflow/dags/bronze_dag.py for tasks to queue
[2025-09-05T16:45:34.486+0000] {logging_mixin.py:188} INFO - [2025-09-05T16:45:34.486+0000] {dagbag.py:545} INFO - Filling up the DagBag from /opt/airflow/dags/bronze_dag.py
[2025-09-05T16:45:35.413+0000] {processor.py:840} INFO - DAG(s) 'bronze' retrieved from /opt/airflow/dags/bronze_dag.py
[2025-09-05T16:45:35.457+0000] {logging_mixin.py:188} INFO - [2025-09-05T16:45:35.456+0000] {dag.py:3096} INFO - Sync 1 DAGs
[2025-09-05T16:45:35.481+0000] {logging_mixin.py:188} INFO - [2025-09-05T16:45:35.480+0000] {dag.py:3954} INFO - Setting next_dagrun for bronze to None, run_after=None
[2025-09-05T16:45:35.516+0000] {processor.py:183} INFO - Processing /opt/airflow/dags/bronze_dag.py took 1.040 seconds
[2025-09-05T16:46:05.659+0000] {processor.py:161} INFO - Started process (PID=223) to work on /opt/airflow/dags/bronze_dag.py
[2025-09-05T16:46:05.660+0000] {processor.py:830} INFO - Processing file /opt/airflow/dags/bronze_dag.py for tasks to queue
[2025-09-05T16:46:05.662+0000] {logging_mixin.py:188} INFO - [2025-09-05T16:46:05.661+0000] {dagbag.py:545} INFO - Filling up the DagBag from /opt/airflow/dags/bronze_dag.py
[2025-09-05T16:46:06.374+0000] {processor.py:840} INFO - DAG(s) 'bronze' retrieved from /opt/airflow/dags/bronze_dag.py
[2025-09-05T16:46:06.399+0000] {logging_mixin.py:188} INFO - [2025-09-05T16:46:06.398+0000] {dag.py:3096} INFO - Sync 1 DAGs
[2025-09-05T16:46:06.417+0000] {logging_mixin.py:188} INFO - [2025-09-05T16:46:06.416+0000] {dag.py:3954} INFO - Setting next_dagrun for bronze to None, run_after=None
[2025-09-05T16:46:06.435+0000] {processor.py:183} INFO - Processing /opt/airflow/dags/bronze_dag.py took 0.784 seconds
[2025-09-05T16:46:36.635+0000] {processor.py:161} INFO - Started process (PID=235) to work on /opt/airflow/dags/bronze_dag.py
[2025-09-05T16:46:36.637+0000] {processor.py:830} INFO - Processing file /opt/airflow/dags/bronze_dag.py for tasks to queue
[2025-09-05T16:46:36.640+0000] {logging_mixin.py:188} INFO - [2025-09-05T16:46:36.639+0000] {dagbag.py:545} INFO - Filling up the DagBag from /opt/airflow/dags/bronze_dag.py
[2025-09-05T16:46:37.349+0000] {processor.py:840} INFO - DAG(s) 'bronze' retrieved from /opt/airflow/dags/bronze_dag.py
[2025-09-05T16:46:37.376+0000] {logging_mixin.py:188} INFO - [2025-09-05T16:46:37.375+0000] {dag.py:3096} INFO - Sync 1 DAGs
[2025-09-05T16:46:37.392+0000] {logging_mixin.py:188} INFO - [2025-09-05T16:46:37.392+0000] {dag.py:3954} INFO - Setting next_dagrun for bronze to None, run_after=None
[2025-09-05T16:46:37.410+0000] {processor.py:183} INFO - Processing /opt/airflow/dags/bronze_dag.py took 0.781 seconds
[2025-09-05T16:47:07.613+0000] {processor.py:161} INFO - Started process (PID=247) to work on /opt/airflow/dags/bronze_dag.py
[2025-09-05T16:47:07.614+0000] {processor.py:830} INFO - Processing file /opt/airflow/dags/bronze_dag.py for tasks to queue
[2025-09-05T16:47:07.616+0000] {logging_mixin.py:188} INFO - [2025-09-05T16:47:07.616+0000] {dagbag.py:545} INFO - Filling up the DagBag from /opt/airflow/dags/bronze_dag.py
[2025-09-05T16:47:08.690+0000] {processor.py:840} INFO - DAG(s) 'bronze' retrieved from /opt/airflow/dags/bronze_dag.py
[2025-09-05T16:47:08.727+0000] {logging_mixin.py:188} INFO - [2025-09-05T16:47:08.726+0000] {dag.py:3096} INFO - Sync 1 DAGs
[2025-09-05T16:47:08.755+0000] {logging_mixin.py:188} INFO - [2025-09-05T16:47:08.755+0000] {dag.py:3954} INFO - Setting next_dagrun for bronze to None, run_after=None
[2025-09-05T16:47:08.796+0000] {processor.py:183} INFO - Processing /opt/airflow/dags/bronze_dag.py took 1.192 seconds
[2025-09-05T16:47:38.970+0000] {processor.py:161} INFO - Started process (PID=259) to work on /opt/airflow/dags/bronze_dag.py
[2025-09-05T16:47:38.972+0000] {processor.py:830} INFO - Processing file /opt/airflow/dags/bronze_dag.py for tasks to queue
[2025-09-05T16:47:38.975+0000] {logging_mixin.py:188} INFO - [2025-09-05T16:47:38.974+0000] {dagbag.py:545} INFO - Filling up the DagBag from /opt/airflow/dags/bronze_dag.py
[2025-09-05T16:47:39.663+0000] {processor.py:840} INFO - DAG(s) 'bronze' retrieved from /opt/airflow/dags/bronze_dag.py
[2025-09-05T16:47:39.690+0000] {logging_mixin.py:188} INFO - [2025-09-05T16:47:39.690+0000] {dag.py:3096} INFO - Sync 1 DAGs
[2025-09-05T16:47:39.709+0000] {logging_mixin.py:188} INFO - [2025-09-05T16:47:39.709+0000] {dag.py:3954} INFO - Setting next_dagrun for bronze to None, run_after=None
[2025-09-05T16:47:39.728+0000] {processor.py:183} INFO - Processing /opt/airflow/dags/bronze_dag.py took 0.764 seconds
[2025-09-05T16:48:09.928+0000] {processor.py:161} INFO - Started process (PID=271) to work on /opt/airflow/dags/bronze_dag.py
[2025-09-05T16:48:09.930+0000] {processor.py:830} INFO - Processing file /opt/airflow/dags/bronze_dag.py for tasks to queue
[2025-09-05T16:48:09.932+0000] {logging_mixin.py:188} INFO - [2025-09-05T16:48:09.932+0000] {dagbag.py:545} INFO - Filling up the DagBag from /opt/airflow/dags/bronze_dag.py
[2025-09-05T16:48:10.620+0000] {processor.py:840} INFO - DAG(s) 'bronze' retrieved from /opt/airflow/dags/bronze_dag.py
[2025-09-05T16:48:10.645+0000] {logging_mixin.py:188} INFO - [2025-09-05T16:48:10.644+0000] {dag.py:3096} INFO - Sync 1 DAGs
[2025-09-05T16:48:10.664+0000] {logging_mixin.py:188} INFO - [2025-09-05T16:48:10.664+0000] {dag.py:3954} INFO - Setting next_dagrun for bronze to None, run_after=None
[2025-09-05T16:48:10.684+0000] {processor.py:183} INFO - Processing /opt/airflow/dags/bronze_dag.py took 0.762 seconds
[2025-09-05T16:48:40.878+0000] {processor.py:161} INFO - Started process (PID=283) to work on /opt/airflow/dags/bronze_dag.py
[2025-09-05T16:48:40.880+0000] {processor.py:830} INFO - Processing file /opt/airflow/dags/bronze_dag.py for tasks to queue
[2025-09-05T16:48:40.882+0000] {logging_mixin.py:188} INFO - [2025-09-05T16:48:40.881+0000] {dagbag.py:545} INFO - Filling up the DagBag from /opt/airflow/dags/bronze_dag.py
[2025-09-05T16:48:41.528+0000] {processor.py:840} INFO - DAG(s) 'bronze' retrieved from /opt/airflow/dags/bronze_dag.py
[2025-09-05T16:48:41.552+0000] {logging_mixin.py:188} INFO - [2025-09-05T16:48:41.551+0000] {dag.py:3096} INFO - Sync 1 DAGs
[2025-09-05T16:48:41.568+0000] {logging_mixin.py:188} INFO - [2025-09-05T16:48:41.568+0000] {dag.py:3954} INFO - Setting next_dagrun for bronze to None, run_after=None
[2025-09-05T16:48:41.583+0000] {processor.py:183} INFO - Processing /opt/airflow/dags/bronze_dag.py took 0.717 seconds
[2025-09-05T16:49:11.760+0000] {processor.py:161} INFO - Started process (PID=295) to work on /opt/airflow/dags/bronze_dag.py
[2025-09-05T16:49:11.761+0000] {processor.py:830} INFO - Processing file /opt/airflow/dags/bronze_dag.py for tasks to queue
[2025-09-05T16:49:11.762+0000] {logging_mixin.py:188} INFO - [2025-09-05T16:49:11.762+0000] {dagbag.py:545} INFO - Filling up the DagBag from /opt/airflow/dags/bronze_dag.py
[2025-09-05T16:49:12.531+0000] {processor.py:840} INFO - DAG(s) 'bronze' retrieved from /opt/airflow/dags/bronze_dag.py
[2025-09-05T16:49:12.559+0000] {logging_mixin.py:188} INFO - [2025-09-05T16:49:12.558+0000] {dag.py:3096} INFO - Sync 1 DAGs
[2025-09-05T16:49:12.585+0000] {logging_mixin.py:188} INFO - [2025-09-05T16:49:12.585+0000] {dag.py:3954} INFO - Setting next_dagrun for bronze to None, run_after=None
[2025-09-05T16:49:12.616+0000] {processor.py:183} INFO - Processing /opt/airflow/dags/bronze_dag.py took 0.862 seconds
[2025-09-05T16:49:42.810+0000] {processor.py:161} INFO - Started process (PID=307) to work on /opt/airflow/dags/bronze_dag.py
[2025-09-05T16:49:42.811+0000] {processor.py:830} INFO - Processing file /opt/airflow/dags/bronze_dag.py for tasks to queue
[2025-09-05T16:49:42.813+0000] {logging_mixin.py:188} INFO - [2025-09-05T16:49:42.813+0000] {dagbag.py:545} INFO - Filling up the DagBag from /opt/airflow/dags/bronze_dag.py
[2025-09-05T16:49:43.451+0000] {processor.py:840} INFO - DAG(s) 'bronze' retrieved from /opt/airflow/dags/bronze_dag.py
[2025-09-05T16:49:43.476+0000] {logging_mixin.py:188} INFO - [2025-09-05T16:49:43.475+0000] {dag.py:3096} INFO - Sync 1 DAGs
[2025-09-05T16:49:43.494+0000] {logging_mixin.py:188} INFO - [2025-09-05T16:49:43.493+0000] {dag.py:3954} INFO - Setting next_dagrun for bronze to None, run_after=None
[2025-09-05T16:49:43.510+0000] {processor.py:183} INFO - Processing /opt/airflow/dags/bronze_dag.py took 0.707 seconds
[2025-09-05T16:50:13.702+0000] {processor.py:161} INFO - Started process (PID=319) to work on /opt/airflow/dags/bronze_dag.py
[2025-09-05T16:50:13.703+0000] {processor.py:830} INFO - Processing file /opt/airflow/dags/bronze_dag.py for tasks to queue
[2025-09-05T16:50:13.706+0000] {logging_mixin.py:188} INFO - [2025-09-05T16:50:13.706+0000] {dagbag.py:545} INFO - Filling up the DagBag from /opt/airflow/dags/bronze_dag.py
[2025-09-05T16:50:14.366+0000] {processor.py:840} INFO - DAG(s) 'bronze' retrieved from /opt/airflow/dags/bronze_dag.py
[2025-09-05T16:50:14.390+0000] {logging_mixin.py:188} INFO - [2025-09-05T16:50:14.390+0000] {dag.py:3096} INFO - Sync 1 DAGs
[2025-09-05T16:50:14.409+0000] {logging_mixin.py:188} INFO - [2025-09-05T16:50:14.409+0000] {dag.py:3954} INFO - Setting next_dagrun for bronze to None, run_after=None
[2025-09-05T16:50:14.424+0000] {processor.py:183} INFO - Processing /opt/airflow/dags/bronze_dag.py took 0.729 seconds
[2025-09-05T16:50:44.605+0000] {processor.py:161} INFO - Started process (PID=331) to work on /opt/airflow/dags/bronze_dag.py
[2025-09-05T16:50:44.606+0000] {processor.py:830} INFO - Processing file /opt/airflow/dags/bronze_dag.py for tasks to queue
[2025-09-05T16:50:44.608+0000] {logging_mixin.py:188} INFO - [2025-09-05T16:50:44.607+0000] {dagbag.py:545} INFO - Filling up the DagBag from /opt/airflow/dags/bronze_dag.py
[2025-09-05T16:50:45.296+0000] {processor.py:840} INFO - DAG(s) 'bronze' retrieved from /opt/airflow/dags/bronze_dag.py
[2025-09-05T16:50:45.327+0000] {logging_mixin.py:188} INFO - [2025-09-05T16:50:45.326+0000] {dag.py:3096} INFO - Sync 1 DAGs
[2025-09-05T16:50:45.344+0000] {logging_mixin.py:188} INFO - [2025-09-05T16:50:45.343+0000] {dag.py:3954} INFO - Setting next_dagrun for bronze to None, run_after=None
[2025-09-05T16:50:45.364+0000] {processor.py:183} INFO - Processing /opt/airflow/dags/bronze_dag.py took 0.765 seconds
[2025-09-05T16:51:15.558+0000] {processor.py:161} INFO - Started process (PID=343) to work on /opt/airflow/dags/bronze_dag.py
[2025-09-05T16:51:15.559+0000] {processor.py:830} INFO - Processing file /opt/airflow/dags/bronze_dag.py for tasks to queue
[2025-09-05T16:51:15.561+0000] {logging_mixin.py:188} INFO - [2025-09-05T16:51:15.561+0000] {dagbag.py:545} INFO - Filling up the DagBag from /opt/airflow/dags/bronze_dag.py
[2025-09-05T16:51:16.376+0000] {processor.py:840} INFO - DAG(s) 'bronze' retrieved from /opt/airflow/dags/bronze_dag.py
[2025-09-05T16:51:16.400+0000] {logging_mixin.py:188} INFO - [2025-09-05T16:51:16.399+0000] {dag.py:3096} INFO - Sync 1 DAGs
[2025-09-05T16:51:16.421+0000] {logging_mixin.py:188} INFO - [2025-09-05T16:51:16.421+0000] {dag.py:3954} INFO - Setting next_dagrun for bronze to None, run_after=None
[2025-09-05T16:51:16.443+0000] {processor.py:183} INFO - Processing /opt/airflow/dags/bronze_dag.py took 0.893 seconds
[2025-09-05T16:51:46.652+0000] {processor.py:161} INFO - Started process (PID=355) to work on /opt/airflow/dags/bronze_dag.py
[2025-09-05T16:51:46.654+0000] {processor.py:830} INFO - Processing file /opt/airflow/dags/bronze_dag.py for tasks to queue
[2025-09-05T16:51:46.659+0000] {logging_mixin.py:188} INFO - [2025-09-05T16:51:46.658+0000] {dagbag.py:545} INFO - Filling up the DagBag from /opt/airflow/dags/bronze_dag.py
[2025-09-05T16:51:47.414+0000] {processor.py:840} INFO - DAG(s) 'bronze' retrieved from /opt/airflow/dags/bronze_dag.py
[2025-09-05T16:51:47.439+0000] {logging_mixin.py:188} INFO - [2025-09-05T16:51:47.438+0000] {dag.py:3096} INFO - Sync 1 DAGs
[2025-09-05T16:51:47.457+0000] {logging_mixin.py:188} INFO - [2025-09-05T16:51:47.456+0000] {dag.py:3954} INFO - Setting next_dagrun for bronze to None, run_after=None
[2025-09-05T16:51:47.473+0000] {processor.py:183} INFO - Processing /opt/airflow/dags/bronze_dag.py took 0.834 seconds
[2025-09-05T16:52:17.565+0000] {processor.py:161} INFO - Started process (PID=367) to work on /opt/airflow/dags/bronze_dag.py
[2025-09-05T16:52:17.566+0000] {processor.py:830} INFO - Processing file /opt/airflow/dags/bronze_dag.py for tasks to queue
[2025-09-05T16:52:17.568+0000] {logging_mixin.py:188} INFO - [2025-09-05T16:52:17.567+0000] {dagbag.py:545} INFO - Filling up the DagBag from /opt/airflow/dags/bronze_dag.py
[2025-09-05T16:52:18.194+0000] {processor.py:840} INFO - DAG(s) 'bronze' retrieved from /opt/airflow/dags/bronze_dag.py
[2025-09-05T16:52:18.221+0000] {logging_mixin.py:188} INFO - [2025-09-05T16:52:18.221+0000] {dag.py:3096} INFO - Sync 1 DAGs
[2025-09-05T16:52:18.241+0000] {logging_mixin.py:188} INFO - [2025-09-05T16:52:18.240+0000] {dag.py:3954} INFO - Setting next_dagrun for bronze to None, run_after=None
[2025-09-05T16:52:18.266+0000] {processor.py:183} INFO - Processing /opt/airflow/dags/bronze_dag.py took 0.707 seconds
[2025-09-05T16:52:48.447+0000] {processor.py:161} INFO - Started process (PID=379) to work on /opt/airflow/dags/bronze_dag.py
[2025-09-05T16:52:48.448+0000] {processor.py:830} INFO - Processing file /opt/airflow/dags/bronze_dag.py for tasks to queue
[2025-09-05T16:52:48.450+0000] {logging_mixin.py:188} INFO - [2025-09-05T16:52:48.449+0000] {dagbag.py:545} INFO - Filling up the DagBag from /opt/airflow/dags/bronze_dag.py
[2025-09-05T16:52:49.114+0000] {processor.py:840} INFO - DAG(s) 'bronze' retrieved from /opt/airflow/dags/bronze_dag.py
[2025-09-05T16:52:49.138+0000] {logging_mixin.py:188} INFO - [2025-09-05T16:52:49.138+0000] {dag.py:3096} INFO - Sync 1 DAGs
[2025-09-05T16:52:49.154+0000] {logging_mixin.py:188} INFO - [2025-09-05T16:52:49.154+0000] {dag.py:3954} INFO - Setting next_dagrun for bronze to None, run_after=None
[2025-09-05T16:52:49.173+0000] {processor.py:183} INFO - Processing /opt/airflow/dags/bronze_dag.py took 0.732 seconds
[2025-09-05T16:53:19.351+0000] {processor.py:161} INFO - Started process (PID=391) to work on /opt/airflow/dags/bronze_dag.py
[2025-09-05T16:53:19.352+0000] {processor.py:830} INFO - Processing file /opt/airflow/dags/bronze_dag.py for tasks to queue
[2025-09-05T16:53:19.353+0000] {logging_mixin.py:188} INFO - [2025-09-05T16:53:19.353+0000] {dagbag.py:545} INFO - Filling up the DagBag from /opt/airflow/dags/bronze_dag.py
[2025-09-05T16:53:19.962+0000] {processor.py:840} INFO - DAG(s) 'bronze' retrieved from /opt/airflow/dags/bronze_dag.py
[2025-09-05T16:53:19.985+0000] {logging_mixin.py:188} INFO - [2025-09-05T16:53:19.984+0000] {dag.py:3096} INFO - Sync 1 DAGs
[2025-09-05T16:53:20.000+0000] {logging_mixin.py:188} INFO - [2025-09-05T16:53:20.000+0000] {dag.py:3954} INFO - Setting next_dagrun for bronze to None, run_after=None
[2025-09-05T16:53:20.014+0000] {processor.py:183} INFO - Processing /opt/airflow/dags/bronze_dag.py took 0.670 seconds
[2025-09-05T16:53:50.172+0000] {processor.py:161} INFO - Started process (PID=403) to work on /opt/airflow/dags/bronze_dag.py
[2025-09-05T16:53:50.173+0000] {processor.py:830} INFO - Processing file /opt/airflow/dags/bronze_dag.py for tasks to queue
[2025-09-05T16:53:50.175+0000] {logging_mixin.py:188} INFO - [2025-09-05T16:53:50.175+0000] {dagbag.py:545} INFO - Filling up the DagBag from /opt/airflow/dags/bronze_dag.py
[2025-09-05T16:53:50.809+0000] {processor.py:840} INFO - DAG(s) 'bronze' retrieved from /opt/airflow/dags/bronze_dag.py
[2025-09-05T16:53:50.834+0000] {logging_mixin.py:188} INFO - [2025-09-05T16:53:50.833+0000] {dag.py:3096} INFO - Sync 1 DAGs
[2025-09-05T16:53:50.850+0000] {logging_mixin.py:188} INFO - [2025-09-05T16:53:50.850+0000] {dag.py:3954} INFO - Setting next_dagrun for bronze to None, run_after=None
[2025-09-05T16:53:50.868+0000] {processor.py:183} INFO - Processing /opt/airflow/dags/bronze_dag.py took 0.703 seconds
[2025-09-05T16:54:21.050+0000] {processor.py:161} INFO - Started process (PID=415) to work on /opt/airflow/dags/bronze_dag.py
[2025-09-05T16:54:21.051+0000] {processor.py:830} INFO - Processing file /opt/airflow/dags/bronze_dag.py for tasks to queue
[2025-09-05T16:54:21.053+0000] {logging_mixin.py:188} INFO - [2025-09-05T16:54:21.053+0000] {dagbag.py:545} INFO - Filling up the DagBag from /opt/airflow/dags/bronze_dag.py
[2025-09-05T16:54:21.692+0000] {processor.py:840} INFO - DAG(s) 'bronze' retrieved from /opt/airflow/dags/bronze_dag.py
[2025-09-05T16:54:21.714+0000] {logging_mixin.py:188} INFO - [2025-09-05T16:54:21.713+0000] {dag.py:3096} INFO - Sync 1 DAGs
[2025-09-05T16:54:21.729+0000] {logging_mixin.py:188} INFO - [2025-09-05T16:54:21.729+0000] {dag.py:3954} INFO - Setting next_dagrun for bronze to None, run_after=None
[2025-09-05T16:54:21.745+0000] {processor.py:183} INFO - Processing /opt/airflow/dags/bronze_dag.py took 0.701 seconds
[2025-09-05T16:54:51.937+0000] {processor.py:161} INFO - Started process (PID=427) to work on /opt/airflow/dags/bronze_dag.py
[2025-09-05T16:54:51.938+0000] {processor.py:830} INFO - Processing file /opt/airflow/dags/bronze_dag.py for tasks to queue
[2025-09-05T16:54:51.940+0000] {logging_mixin.py:188} INFO - [2025-09-05T16:54:51.939+0000] {dagbag.py:545} INFO - Filling up the DagBag from /opt/airflow/dags/bronze_dag.py
[2025-09-05T16:54:52.554+0000] {processor.py:840} INFO - DAG(s) 'bronze' retrieved from /opt/airflow/dags/bronze_dag.py
[2025-09-05T16:54:52.576+0000] {logging_mixin.py:188} INFO - [2025-09-05T16:54:52.576+0000] {dag.py:3096} INFO - Sync 1 DAGs
[2025-09-05T16:54:52.593+0000] {logging_mixin.py:188} INFO - [2025-09-05T16:54:52.593+0000] {dag.py:3954} INFO - Setting next_dagrun for bronze to None, run_after=None
[2025-09-05T16:54:52.609+0000] {processor.py:183} INFO - Processing /opt/airflow/dags/bronze_dag.py took 0.678 seconds
[2025-09-05T16:55:22.770+0000] {processor.py:161} INFO - Started process (PID=439) to work on /opt/airflow/dags/bronze_dag.py
[2025-09-05T16:55:22.771+0000] {processor.py:830} INFO - Processing file /opt/airflow/dags/bronze_dag.py for tasks to queue
[2025-09-05T16:55:22.772+0000] {logging_mixin.py:188} INFO - [2025-09-05T16:55:22.772+0000] {dagbag.py:545} INFO - Filling up the DagBag from /opt/airflow/dags/bronze_dag.py
[2025-09-05T16:55:23.462+0000] {processor.py:840} INFO - DAG(s) 'bronze' retrieved from /opt/airflow/dags/bronze_dag.py
[2025-09-05T16:55:23.488+0000] {logging_mixin.py:188} INFO - [2025-09-05T16:55:23.488+0000] {dag.py:3096} INFO - Sync 1 DAGs
[2025-09-05T16:55:23.504+0000] {logging_mixin.py:188} INFO - [2025-09-05T16:55:23.504+0000] {dag.py:3954} INFO - Setting next_dagrun for bronze to None, run_after=None
[2025-09-05T16:55:23.518+0000] {processor.py:183} INFO - Processing /opt/airflow/dags/bronze_dag.py took 0.755 seconds
[2025-09-05T16:55:53.705+0000] {processor.py:161} INFO - Started process (PID=451) to work on /opt/airflow/dags/bronze_dag.py
[2025-09-05T16:55:53.706+0000] {processor.py:830} INFO - Processing file /opt/airflow/dags/bronze_dag.py for tasks to queue
[2025-09-05T16:55:53.708+0000] {logging_mixin.py:188} INFO - [2025-09-05T16:55:53.707+0000] {dagbag.py:545} INFO - Filling up the DagBag from /opt/airflow/dags/bronze_dag.py
[2025-09-05T16:55:54.356+0000] {processor.py:840} INFO - DAG(s) 'bronze' retrieved from /opt/airflow/dags/bronze_dag.py
[2025-09-05T16:55:54.379+0000] {logging_mixin.py:188} INFO - [2025-09-05T16:55:54.379+0000] {dag.py:3096} INFO - Sync 1 DAGs
[2025-09-05T16:55:54.396+0000] {logging_mixin.py:188} INFO - [2025-09-05T16:55:54.396+0000] {dag.py:3954} INFO - Setting next_dagrun for bronze to None, run_after=None
[2025-09-05T16:55:54.411+0000] {processor.py:183} INFO - Processing /opt/airflow/dags/bronze_dag.py took 0.712 seconds
[2025-09-05T16:56:24.601+0000] {processor.py:161} INFO - Started process (PID=463) to work on /opt/airflow/dags/bronze_dag.py
[2025-09-05T16:56:24.602+0000] {processor.py:830} INFO - Processing file /opt/airflow/dags/bronze_dag.py for tasks to queue
[2025-09-05T16:56:24.604+0000] {logging_mixin.py:188} INFO - [2025-09-05T16:56:24.604+0000] {dagbag.py:545} INFO - Filling up the DagBag from /opt/airflow/dags/bronze_dag.py
[2025-09-05T16:56:25.264+0000] {processor.py:840} INFO - DAG(s) 'bronze' retrieved from /opt/airflow/dags/bronze_dag.py
[2025-09-05T16:56:25.288+0000] {logging_mixin.py:188} INFO - [2025-09-05T16:56:25.287+0000] {dag.py:3096} INFO - Sync 1 DAGs
[2025-09-05T16:56:25.303+0000] {logging_mixin.py:188} INFO - [2025-09-05T16:56:25.303+0000] {dag.py:3954} INFO - Setting next_dagrun for bronze to None, run_after=None
[2025-09-05T16:56:25.321+0000] {processor.py:183} INFO - Processing /opt/airflow/dags/bronze_dag.py took 0.726 seconds
[2025-09-05T16:56:55.476+0000] {processor.py:161} INFO - Started process (PID=475) to work on /opt/airflow/dags/bronze_dag.py
[2025-09-05T16:56:55.478+0000] {processor.py:830} INFO - Processing file /opt/airflow/dags/bronze_dag.py for tasks to queue
[2025-09-05T16:56:55.480+0000] {logging_mixin.py:188} INFO - [2025-09-05T16:56:55.480+0000] {dagbag.py:545} INFO - Filling up the DagBag from /opt/airflow/dags/bronze_dag.py
[2025-09-05T16:56:56.140+0000] {processor.py:840} INFO - DAG(s) 'bronze' retrieved from /opt/airflow/dags/bronze_dag.py
[2025-09-05T16:56:56.165+0000] {logging_mixin.py:188} INFO - [2025-09-05T16:56:56.165+0000] {dag.py:3096} INFO - Sync 1 DAGs
[2025-09-05T16:56:56.181+0000] {logging_mixin.py:188} INFO - [2025-09-05T16:56:56.181+0000] {dag.py:3954} INFO - Setting next_dagrun for bronze to None, run_after=None
[2025-09-05T16:56:56.199+0000] {processor.py:183} INFO - Processing /opt/airflow/dags/bronze_dag.py took 0.729 seconds
[2025-09-05T16:57:26.352+0000] {processor.py:161} INFO - Started process (PID=487) to work on /opt/airflow/dags/bronze_dag.py
[2025-09-05T16:57:26.354+0000] {processor.py:830} INFO - Processing file /opt/airflow/dags/bronze_dag.py for tasks to queue
[2025-09-05T16:57:26.358+0000] {logging_mixin.py:188} INFO - [2025-09-05T16:57:26.357+0000] {dagbag.py:545} INFO - Filling up the DagBag from /opt/airflow/dags/bronze_dag.py
[2025-09-05T16:57:27.106+0000] {processor.py:840} INFO - DAG(s) 'bronze' retrieved from /opt/airflow/dags/bronze_dag.py
[2025-09-05T16:57:27.131+0000] {logging_mixin.py:188} INFO - [2025-09-05T16:57:27.131+0000] {dag.py:3096} INFO - Sync 1 DAGs
[2025-09-05T16:57:27.152+0000] {logging_mixin.py:188} INFO - [2025-09-05T16:57:27.152+0000] {dag.py:3954} INFO - Setting next_dagrun for bronze to None, run_after=None
[2025-09-05T16:57:27.168+0000] {processor.py:183} INFO - Processing /opt/airflow/dags/bronze_dag.py took 0.824 seconds
[2025-09-05T16:57:57.349+0000] {processor.py:161} INFO - Started process (PID=499) to work on /opt/airflow/dags/bronze_dag.py
[2025-09-05T16:57:57.350+0000] {processor.py:830} INFO - Processing file /opt/airflow/dags/bronze_dag.py for tasks to queue
[2025-09-05T16:57:57.352+0000] {logging_mixin.py:188} INFO - [2025-09-05T16:57:57.351+0000] {dagbag.py:545} INFO - Filling up the DagBag from /opt/airflow/dags/bronze_dag.py
[2025-09-05T16:57:57.989+0000] {processor.py:840} INFO - DAG(s) 'bronze' retrieved from /opt/airflow/dags/bronze_dag.py
[2025-09-05T16:57:58.016+0000] {logging_mixin.py:188} INFO - [2025-09-05T16:57:58.015+0000] {dag.py:3096} INFO - Sync 1 DAGs
[2025-09-05T16:57:58.033+0000] {logging_mixin.py:188} INFO - [2025-09-05T16:57:58.033+0000] {dag.py:3954} INFO - Setting next_dagrun for bronze to None, run_after=None
[2025-09-05T16:57:58.049+0000] {processor.py:183} INFO - Processing /opt/airflow/dags/bronze_dag.py took 0.707 seconds
[2025-09-05T16:58:28.244+0000] {processor.py:161} INFO - Started process (PID=512) to work on /opt/airflow/dags/bronze_dag.py
[2025-09-05T16:58:28.245+0000] {processor.py:830} INFO - Processing file /opt/airflow/dags/bronze_dag.py for tasks to queue
[2025-09-05T16:58:28.249+0000] {logging_mixin.py:188} INFO - [2025-09-05T16:58:28.248+0000] {dagbag.py:545} INFO - Filling up the DagBag from /opt/airflow/dags/bronze_dag.py
[2025-09-05T16:58:28.979+0000] {processor.py:840} INFO - DAG(s) 'bronze' retrieved from /opt/airflow/dags/bronze_dag.py
[2025-09-05T16:58:29.004+0000] {logging_mixin.py:188} INFO - [2025-09-05T16:58:29.004+0000] {dag.py:3096} INFO - Sync 1 DAGs
[2025-09-05T16:58:29.020+0000] {logging_mixin.py:188} INFO - [2025-09-05T16:58:29.020+0000] {dag.py:3954} INFO - Setting next_dagrun for bronze to None, run_after=None
[2025-09-05T16:58:29.037+0000] {processor.py:183} INFO - Processing /opt/airflow/dags/bronze_dag.py took 0.800 seconds
[2025-09-05T16:58:59.251+0000] {processor.py:161} INFO - Started process (PID=524) to work on /opt/airflow/dags/bronze_dag.py
[2025-09-05T16:58:59.253+0000] {processor.py:830} INFO - Processing file /opt/airflow/dags/bronze_dag.py for tasks to queue
[2025-09-05T16:58:59.255+0000] {logging_mixin.py:188} INFO - [2025-09-05T16:58:59.254+0000] {dagbag.py:545} INFO - Filling up the DagBag from /opt/airflow/dags/bronze_dag.py
[2025-09-05T16:58:59.996+0000] {processor.py:840} INFO - DAG(s) 'bronze' retrieved from /opt/airflow/dags/bronze_dag.py
[2025-09-05T16:59:00.030+0000] {logging_mixin.py:188} INFO - [2025-09-05T16:59:00.030+0000] {dag.py:3096} INFO - Sync 1 DAGs
[2025-09-05T16:59:00.051+0000] {logging_mixin.py:188} INFO - [2025-09-05T16:59:00.051+0000] {dag.py:3954} INFO - Setting next_dagrun for bronze to None, run_after=None
[2025-09-05T16:59:00.067+0000] {processor.py:183} INFO - Processing /opt/airflow/dags/bronze_dag.py took 0.828 seconds
[2025-09-05T16:59:30.240+0000] {processor.py:161} INFO - Started process (PID=536) to work on /opt/airflow/dags/bronze_dag.py
[2025-09-05T16:59:30.241+0000] {processor.py:830} INFO - Processing file /opt/airflow/dags/bronze_dag.py for tasks to queue
[2025-09-05T16:59:30.244+0000] {logging_mixin.py:188} INFO - [2025-09-05T16:59:30.243+0000] {dagbag.py:545} INFO - Filling up the DagBag from /opt/airflow/dags/bronze_dag.py
[2025-09-05T16:59:30.925+0000] {processor.py:840} INFO - DAG(s) 'bronze' retrieved from /opt/airflow/dags/bronze_dag.py
[2025-09-05T16:59:30.952+0000] {logging_mixin.py:188} INFO - [2025-09-05T16:59:30.951+0000] {dag.py:3096} INFO - Sync 1 DAGs
[2025-09-05T16:59:30.970+0000] {logging_mixin.py:188} INFO - [2025-09-05T16:59:30.970+0000] {dag.py:3954} INFO - Setting next_dagrun for bronze to None, run_after=None
[2025-09-05T16:59:30.991+0000] {processor.py:183} INFO - Processing /opt/airflow/dags/bronze_dag.py took 0.761 seconds
[2025-09-05T17:00:01.071+0000] {processor.py:161} INFO - Started process (PID=548) to work on /opt/airflow/dags/bronze_dag.py
[2025-09-05T17:00:01.072+0000] {processor.py:830} INFO - Processing file /opt/airflow/dags/bronze_dag.py for tasks to queue
[2025-09-05T17:00:01.074+0000] {logging_mixin.py:188} INFO - [2025-09-05T17:00:01.073+0000] {dagbag.py:545} INFO - Filling up the DagBag from /opt/airflow/dags/bronze_dag.py
[2025-09-05T17:00:01.755+0000] {processor.py:840} INFO - DAG(s) 'bronze' retrieved from /opt/airflow/dags/bronze_dag.py
[2025-09-05T17:00:01.776+0000] {logging_mixin.py:188} INFO - [2025-09-05T17:00:01.776+0000] {dag.py:3096} INFO - Sync 1 DAGs
[2025-09-05T17:00:01.792+0000] {logging_mixin.py:188} INFO - [2025-09-05T17:00:01.792+0000] {dag.py:3954} INFO - Setting next_dagrun for bronze to None, run_after=None
[2025-09-05T17:00:01.814+0000] {processor.py:183} INFO - Processing /opt/airflow/dags/bronze_dag.py took 0.750 seconds
[2025-09-05T17:00:32.016+0000] {processor.py:161} INFO - Started process (PID=566) to work on /opt/airflow/dags/bronze_dag.py
[2025-09-05T17:00:32.018+0000] {processor.py:830} INFO - Processing file /opt/airflow/dags/bronze_dag.py for tasks to queue
[2025-09-05T17:00:32.021+0000] {logging_mixin.py:188} INFO - [2025-09-05T17:00:32.020+0000] {dagbag.py:545} INFO - Filling up the DagBag from /opt/airflow/dags/bronze_dag.py
[2025-09-05T17:00:32.725+0000] {processor.py:840} INFO - DAG(s) 'bronze' retrieved from /opt/airflow/dags/bronze_dag.py
[2025-09-05T17:00:32.746+0000] {logging_mixin.py:188} INFO - [2025-09-05T17:00:32.746+0000] {dag.py:3096} INFO - Sync 1 DAGs
[2025-09-05T17:00:32.764+0000] {logging_mixin.py:188} INFO - [2025-09-05T17:00:32.764+0000] {dag.py:3954} INFO - Setting next_dagrun for bronze to None, run_after=None
[2025-09-05T17:00:32.781+0000] {processor.py:183} INFO - Processing /opt/airflow/dags/bronze_dag.py took 0.774 seconds
[2025-09-05T17:01:02.942+0000] {processor.py:161} INFO - Started process (PID=578) to work on /opt/airflow/dags/bronze_dag.py
[2025-09-05T17:01:02.943+0000] {processor.py:830} INFO - Processing file /opt/airflow/dags/bronze_dag.py for tasks to queue
[2025-09-05T17:01:02.945+0000] {logging_mixin.py:188} INFO - [2025-09-05T17:01:02.945+0000] {dagbag.py:545} INFO - Filling up the DagBag from /opt/airflow/dags/bronze_dag.py
[2025-09-05T17:01:03.617+0000] {processor.py:840} INFO - DAG(s) 'bronze' retrieved from /opt/airflow/dags/bronze_dag.py
[2025-09-05T17:01:03.639+0000] {logging_mixin.py:188} INFO - [2025-09-05T17:01:03.639+0000] {dag.py:3096} INFO - Sync 1 DAGs
[2025-09-05T17:01:03.655+0000] {logging_mixin.py:188} INFO - [2025-09-05T17:01:03.655+0000] {dag.py:3954} INFO - Setting next_dagrun for bronze to None, run_after=None
[2025-09-05T17:01:03.673+0000] {processor.py:183} INFO - Processing /opt/airflow/dags/bronze_dag.py took 0.738 seconds
[2025-09-05T17:01:33.829+0000] {processor.py:161} INFO - Started process (PID=590) to work on /opt/airflow/dags/bronze_dag.py
[2025-09-05T17:01:33.830+0000] {processor.py:830} INFO - Processing file /opt/airflow/dags/bronze_dag.py for tasks to queue
[2025-09-05T17:01:33.832+0000] {logging_mixin.py:188} INFO - [2025-09-05T17:01:33.832+0000] {dagbag.py:545} INFO - Filling up the DagBag from /opt/airflow/dags/bronze_dag.py
[2025-09-05T17:01:34.467+0000] {processor.py:840} INFO - DAG(s) 'bronze' retrieved from /opt/airflow/dags/bronze_dag.py
[2025-09-05T17:01:34.494+0000] {logging_mixin.py:188} INFO - [2025-09-05T17:01:34.493+0000] {dag.py:3096} INFO - Sync 1 DAGs
[2025-09-05T17:01:34.513+0000] {logging_mixin.py:188} INFO - [2025-09-05T17:01:34.513+0000] {dag.py:3954} INFO - Setting next_dagrun for bronze to None, run_after=None
[2025-09-05T17:01:34.532+0000] {processor.py:183} INFO - Processing /opt/airflow/dags/bronze_dag.py took 0.710 seconds
[2025-09-05T17:02:04.713+0000] {processor.py:161} INFO - Started process (PID=602) to work on /opt/airflow/dags/bronze_dag.py
[2025-09-05T17:02:04.714+0000] {processor.py:830} INFO - Processing file /opt/airflow/dags/bronze_dag.py for tasks to queue
[2025-09-05T17:02:04.716+0000] {logging_mixin.py:188} INFO - [2025-09-05T17:02:04.716+0000] {dagbag.py:545} INFO - Filling up the DagBag from /opt/airflow/dags/bronze_dag.py
[2025-09-05T17:02:05.412+0000] {processor.py:840} INFO - DAG(s) 'bronze' retrieved from /opt/airflow/dags/bronze_dag.py
[2025-09-05T17:02:05.438+0000] {logging_mixin.py:188} INFO - [2025-09-05T17:02:05.437+0000] {dag.py:3096} INFO - Sync 1 DAGs
[2025-09-05T17:02:05.458+0000] {logging_mixin.py:188} INFO - [2025-09-05T17:02:05.457+0000] {dag.py:3954} INFO - Setting next_dagrun for bronze to None, run_after=None
[2025-09-05T17:02:05.478+0000] {processor.py:183} INFO - Processing /opt/airflow/dags/bronze_dag.py took 0.772 seconds
[2025-09-05T17:02:35.665+0000] {processor.py:161} INFO - Started process (PID=615) to work on /opt/airflow/dags/bronze_dag.py
[2025-09-05T17:02:35.666+0000] {processor.py:830} INFO - Processing file /opt/airflow/dags/bronze_dag.py for tasks to queue
[2025-09-05T17:02:35.668+0000] {logging_mixin.py:188} INFO - [2025-09-05T17:02:35.668+0000] {dagbag.py:545} INFO - Filling up the DagBag from /opt/airflow/dags/bronze_dag.py
[2025-09-05T17:02:36.317+0000] {processor.py:840} INFO - DAG(s) 'bronze' retrieved from /opt/airflow/dags/bronze_dag.py
[2025-09-05T17:02:36.340+0000] {logging_mixin.py:188} INFO - [2025-09-05T17:02:36.339+0000] {dag.py:3096} INFO - Sync 1 DAGs
[2025-09-05T17:02:36.356+0000] {logging_mixin.py:188} INFO - [2025-09-05T17:02:36.356+0000] {dag.py:3954} INFO - Setting next_dagrun for bronze to None, run_after=None
[2025-09-05T17:02:36.372+0000] {processor.py:183} INFO - Processing /opt/airflow/dags/bronze_dag.py took 0.713 seconds
[2025-09-05T17:03:06.561+0000] {processor.py:161} INFO - Started process (PID=627) to work on /opt/airflow/dags/bronze_dag.py
[2025-09-05T17:03:06.562+0000] {processor.py:830} INFO - Processing file /opt/airflow/dags/bronze_dag.py for tasks to queue
[2025-09-05T17:03:06.564+0000] {logging_mixin.py:188} INFO - [2025-09-05T17:03:06.564+0000] {dagbag.py:545} INFO - Filling up the DagBag from /opt/airflow/dags/bronze_dag.py
[2025-09-05T17:03:07.282+0000] {processor.py:840} INFO - DAG(s) 'bronze' retrieved from /opt/airflow/dags/bronze_dag.py
[2025-09-05T17:03:07.308+0000] {logging_mixin.py:188} INFO - [2025-09-05T17:03:07.308+0000] {dag.py:3096} INFO - Sync 1 DAGs
[2025-09-05T17:03:07.324+0000] {logging_mixin.py:188} INFO - [2025-09-05T17:03:07.324+0000] {dag.py:3954} INFO - Setting next_dagrun for bronze to None, run_after=None
[2025-09-05T17:03:07.342+0000] {processor.py:183} INFO - Processing /opt/airflow/dags/bronze_dag.py took 0.789 seconds
[2025-09-05T17:03:37.460+0000] {processor.py:161} INFO - Started process (PID=639) to work on /opt/airflow/dags/bronze_dag.py
[2025-09-05T17:03:37.461+0000] {processor.py:830} INFO - Processing file /opt/airflow/dags/bronze_dag.py for tasks to queue
[2025-09-05T17:03:37.462+0000] {logging_mixin.py:188} INFO - [2025-09-05T17:03:37.462+0000] {dagbag.py:545} INFO - Filling up the DagBag from /opt/airflow/dags/bronze_dag.py
[2025-09-05T17:03:38.106+0000] {processor.py:840} INFO - DAG(s) 'bronze' retrieved from /opt/airflow/dags/bronze_dag.py
[2025-09-05T17:03:38.133+0000] {logging_mixin.py:188} INFO - [2025-09-05T17:03:38.132+0000] {dag.py:3096} INFO - Sync 1 DAGs
[2025-09-05T17:03:38.153+0000] {logging_mixin.py:188} INFO - [2025-09-05T17:03:38.152+0000] {dag.py:3954} INFO - Setting next_dagrun for bronze to None, run_after=None
[2025-09-05T17:03:38.170+0000] {processor.py:183} INFO - Processing /opt/airflow/dags/bronze_dag.py took 0.717 seconds
[2025-09-05T17:04:08.351+0000] {processor.py:161} INFO - Started process (PID=651) to work on /opt/airflow/dags/bronze_dag.py
[2025-09-05T17:04:08.352+0000] {processor.py:830} INFO - Processing file /opt/airflow/dags/bronze_dag.py for tasks to queue
[2025-09-05T17:04:08.354+0000] {logging_mixin.py:188} INFO - [2025-09-05T17:04:08.354+0000] {dagbag.py:545} INFO - Filling up the DagBag from /opt/airflow/dags/bronze_dag.py
[2025-09-05T17:04:08.988+0000] {processor.py:840} INFO - DAG(s) 'bronze' retrieved from /opt/airflow/dags/bronze_dag.py
[2025-09-05T17:04:09.011+0000] {logging_mixin.py:188} INFO - [2025-09-05T17:04:09.011+0000] {dag.py:3096} INFO - Sync 1 DAGs
[2025-09-05T17:04:09.027+0000] {logging_mixin.py:188} INFO - [2025-09-05T17:04:09.027+0000] {dag.py:3954} INFO - Setting next_dagrun for bronze to None, run_after=None
[2025-09-05T17:04:09.044+0000] {processor.py:183} INFO - Processing /opt/airflow/dags/bronze_dag.py took 0.699 seconds
[2025-09-05T17:04:39.250+0000] {processor.py:161} INFO - Started process (PID=663) to work on /opt/airflow/dags/bronze_dag.py
[2025-09-05T17:04:39.251+0000] {processor.py:830} INFO - Processing file /opt/airflow/dags/bronze_dag.py for tasks to queue
[2025-09-05T17:04:39.254+0000] {logging_mixin.py:188} INFO - [2025-09-05T17:04:39.253+0000] {dagbag.py:545} INFO - Filling up the DagBag from /opt/airflow/dags/bronze_dag.py
[2025-09-05T17:04:39.922+0000] {processor.py:840} INFO - DAG(s) 'bronze' retrieved from /opt/airflow/dags/bronze_dag.py
[2025-09-05T17:04:39.949+0000] {logging_mixin.py:188} INFO - [2025-09-05T17:04:39.948+0000] {dag.py:3096} INFO - Sync 1 DAGs
[2025-09-05T17:04:39.966+0000] {logging_mixin.py:188} INFO - [2025-09-05T17:04:39.966+0000] {dag.py:3954} INFO - Setting next_dagrun for bronze to None, run_after=None
[2025-09-05T17:04:39.987+0000] {processor.py:183} INFO - Processing /opt/airflow/dags/bronze_dag.py took 0.744 seconds
[2025-09-05T17:05:10.152+0000] {processor.py:161} INFO - Started process (PID=675) to work on /opt/airflow/dags/bronze_dag.py
[2025-09-05T17:05:10.153+0000] {processor.py:830} INFO - Processing file /opt/airflow/dags/bronze_dag.py for tasks to queue
[2025-09-05T17:05:10.157+0000] {logging_mixin.py:188} INFO - [2025-09-05T17:05:10.156+0000] {dagbag.py:545} INFO - Filling up the DagBag from /opt/airflow/dags/bronze_dag.py
[2025-09-05T17:05:10.807+0000] {processor.py:840} INFO - DAG(s) 'bronze' retrieved from /opt/airflow/dags/bronze_dag.py
[2025-09-05T17:05:10.832+0000] {logging_mixin.py:188} INFO - [2025-09-05T17:05:10.832+0000] {dag.py:3096} INFO - Sync 1 DAGs
[2025-09-05T17:05:10.848+0000] {logging_mixin.py:188} INFO - [2025-09-05T17:05:10.848+0000] {dag.py:3954} INFO - Setting next_dagrun for bronze to None, run_after=None
[2025-09-05T17:05:10.865+0000] {processor.py:183} INFO - Processing /opt/airflow/dags/bronze_dag.py took 0.721 seconds
[2025-09-05T17:05:41.061+0000] {processor.py:161} INFO - Started process (PID=687) to work on /opt/airflow/dags/bronze_dag.py
[2025-09-05T17:05:41.062+0000] {processor.py:830} INFO - Processing file /opt/airflow/dags/bronze_dag.py for tasks to queue
[2025-09-05T17:05:41.064+0000] {logging_mixin.py:188} INFO - [2025-09-05T17:05:41.064+0000] {dagbag.py:545} INFO - Filling up the DagBag from /opt/airflow/dags/bronze_dag.py
[2025-09-05T17:05:41.684+0000] {processor.py:840} INFO - DAG(s) 'bronze' retrieved from /opt/airflow/dags/bronze_dag.py
[2025-09-05T17:05:41.707+0000] {logging_mixin.py:188} INFO - [2025-09-05T17:05:41.707+0000] {dag.py:3096} INFO - Sync 1 DAGs
[2025-09-05T17:05:41.725+0000] {logging_mixin.py:188} INFO - [2025-09-05T17:05:41.724+0000] {dag.py:3954} INFO - Setting next_dagrun for bronze to None, run_after=None
[2025-09-05T17:05:41.744+0000] {processor.py:183} INFO - Processing /opt/airflow/dags/bronze_dag.py took 0.692 seconds
[2025-09-05T17:06:11.964+0000] {processor.py:161} INFO - Started process (PID=699) to work on /opt/airflow/dags/bronze_dag.py
[2025-09-05T17:06:11.965+0000] {processor.py:830} INFO - Processing file /opt/airflow/dags/bronze_dag.py for tasks to queue
[2025-09-05T17:06:11.968+0000] {logging_mixin.py:188} INFO - [2025-09-05T17:06:11.968+0000] {dagbag.py:545} INFO - Filling up the DagBag from /opt/airflow/dags/bronze_dag.py
[2025-09-05T17:06:12.581+0000] {processor.py:840} INFO - DAG(s) 'bronze' retrieved from /opt/airflow/dags/bronze_dag.py
[2025-09-05T17:06:12.604+0000] {logging_mixin.py:188} INFO - [2025-09-05T17:06:12.603+0000] {dag.py:3096} INFO - Sync 1 DAGs
[2025-09-05T17:06:12.619+0000] {logging_mixin.py:188} INFO - [2025-09-05T17:06:12.619+0000] {dag.py:3954} INFO - Setting next_dagrun for bronze to None, run_after=None
[2025-09-05T17:06:12.633+0000] {processor.py:183} INFO - Processing /opt/airflow/dags/bronze_dag.py took 0.675 seconds
[2025-09-05T17:06:42.800+0000] {processor.py:161} INFO - Started process (PID=712) to work on /opt/airflow/dags/bronze_dag.py
[2025-09-05T17:06:42.801+0000] {processor.py:830} INFO - Processing file /opt/airflow/dags/bronze_dag.py for tasks to queue
[2025-09-05T17:06:42.803+0000] {logging_mixin.py:188} INFO - [2025-09-05T17:06:42.803+0000] {dagbag.py:545} INFO - Filling up the DagBag from /opt/airflow/dags/bronze_dag.py
[2025-09-05T17:06:43.438+0000] {processor.py:840} INFO - DAG(s) 'bronze' retrieved from /opt/airflow/dags/bronze_dag.py
[2025-09-05T17:06:43.466+0000] {logging_mixin.py:188} INFO - [2025-09-05T17:06:43.465+0000] {dag.py:3096} INFO - Sync 1 DAGs
[2025-09-05T17:06:43.495+0000] {logging_mixin.py:188} INFO - [2025-09-05T17:06:43.495+0000] {dag.py:3954} INFO - Setting next_dagrun for bronze to None, run_after=None
[2025-09-05T17:06:43.531+0000] {processor.py:183} INFO - Processing /opt/airflow/dags/bronze_dag.py took 0.738 seconds
[2025-09-05T17:07:13.740+0000] {processor.py:161} INFO - Started process (PID=725) to work on /opt/airflow/dags/bronze_dag.py
[2025-09-05T17:07:13.741+0000] {processor.py:830} INFO - Processing file /opt/airflow/dags/bronze_dag.py for tasks to queue
[2025-09-05T17:07:13.744+0000] {logging_mixin.py:188} INFO - [2025-09-05T17:07:13.743+0000] {dagbag.py:545} INFO - Filling up the DagBag from /opt/airflow/dags/bronze_dag.py
[2025-09-05T17:07:14.429+0000] {processor.py:840} INFO - DAG(s) 'bronze' retrieved from /opt/airflow/dags/bronze_dag.py
[2025-09-05T17:07:14.455+0000] {logging_mixin.py:188} INFO - [2025-09-05T17:07:14.454+0000] {dag.py:3096} INFO - Sync 1 DAGs
[2025-09-05T17:07:14.482+0000] {logging_mixin.py:188} INFO - [2025-09-05T17:07:14.481+0000] {dag.py:3954} INFO - Setting next_dagrun for bronze to None, run_after=None
[2025-09-05T17:07:14.510+0000] {processor.py:183} INFO - Processing /opt/airflow/dags/bronze_dag.py took 0.778 seconds
[2025-09-05T17:07:44.697+0000] {processor.py:161} INFO - Started process (PID=737) to work on /opt/airflow/dags/bronze_dag.py
[2025-09-05T17:07:44.699+0000] {processor.py:830} INFO - Processing file /opt/airflow/dags/bronze_dag.py for tasks to queue
[2025-09-05T17:07:44.700+0000] {logging_mixin.py:188} INFO - [2025-09-05T17:07:44.700+0000] {dagbag.py:545} INFO - Filling up the DagBag from /opt/airflow/dags/bronze_dag.py
[2025-09-05T17:07:45.338+0000] {processor.py:840} INFO - DAG(s) 'bronze' retrieved from /opt/airflow/dags/bronze_dag.py
[2025-09-05T17:07:45.361+0000] {logging_mixin.py:188} INFO - [2025-09-05T17:07:45.361+0000] {dag.py:3096} INFO - Sync 1 DAGs
[2025-09-05T17:07:45.377+0000] {logging_mixin.py:188} INFO - [2025-09-05T17:07:45.376+0000] {dag.py:3954} INFO - Setting next_dagrun for bronze to None, run_after=None
[2025-09-05T17:07:45.395+0000] {processor.py:183} INFO - Processing /opt/airflow/dags/bronze_dag.py took 0.704 seconds
[2025-09-05T17:08:15.564+0000] {processor.py:161} INFO - Started process (PID=749) to work on /opt/airflow/dags/bronze_dag.py
[2025-09-05T17:08:15.565+0000] {processor.py:830} INFO - Processing file /opt/airflow/dags/bronze_dag.py for tasks to queue
[2025-09-05T17:08:15.567+0000] {logging_mixin.py:188} INFO - [2025-09-05T17:08:15.567+0000] {dagbag.py:545} INFO - Filling up the DagBag from /opt/airflow/dags/bronze_dag.py
[2025-09-05T17:08:16.216+0000] {processor.py:840} INFO - DAG(s) 'bronze' retrieved from /opt/airflow/dags/bronze_dag.py
[2025-09-05T17:08:16.240+0000] {logging_mixin.py:188} INFO - [2025-09-05T17:08:16.239+0000] {dag.py:3096} INFO - Sync 1 DAGs
[2025-09-05T17:08:16.257+0000] {logging_mixin.py:188} INFO - [2025-09-05T17:08:16.257+0000] {dag.py:3954} INFO - Setting next_dagrun for bronze to None, run_after=None
[2025-09-05T17:08:16.276+0000] {processor.py:183} INFO - Processing /opt/airflow/dags/bronze_dag.py took 0.717 seconds
[2025-09-05T17:08:46.392+0000] {processor.py:161} INFO - Started process (PID=761) to work on /opt/airflow/dags/bronze_dag.py
[2025-09-05T17:08:46.393+0000] {processor.py:830} INFO - Processing file /opt/airflow/dags/bronze_dag.py for tasks to queue
[2025-09-05T17:08:46.395+0000] {logging_mixin.py:188} INFO - [2025-09-05T17:08:46.395+0000] {dagbag.py:545} INFO - Filling up the DagBag from /opt/airflow/dags/bronze_dag.py
[2025-09-05T17:08:47.125+0000] {processor.py:840} INFO - DAG(s) 'bronze' retrieved from /opt/airflow/dags/bronze_dag.py
[2025-09-05T17:08:47.159+0000] {logging_mixin.py:188} INFO - [2025-09-05T17:08:47.159+0000] {dag.py:3096} INFO - Sync 1 DAGs
[2025-09-05T17:08:47.177+0000] {logging_mixin.py:188} INFO - [2025-09-05T17:08:47.177+0000] {dag.py:3954} INFO - Setting next_dagrun for bronze to None, run_after=None
[2025-09-05T17:08:47.197+0000] {processor.py:183} INFO - Processing /opt/airflow/dags/bronze_dag.py took 0.812 seconds
[2025-09-05T17:09:17.406+0000] {processor.py:161} INFO - Started process (PID=773) to work on /opt/airflow/dags/bronze_dag.py
[2025-09-05T17:09:17.407+0000] {processor.py:830} INFO - Processing file /opt/airflow/dags/bronze_dag.py for tasks to queue
[2025-09-05T17:09:17.409+0000] {logging_mixin.py:188} INFO - [2025-09-05T17:09:17.408+0000] {dagbag.py:545} INFO - Filling up the DagBag from /opt/airflow/dags/bronze_dag.py
[2025-09-05T17:09:18.055+0000] {processor.py:840} INFO - DAG(s) 'bronze' retrieved from /opt/airflow/dags/bronze_dag.py
[2025-09-05T17:09:18.078+0000] {logging_mixin.py:188} INFO - [2025-09-05T17:09:18.078+0000] {dag.py:3096} INFO - Sync 1 DAGs
[2025-09-05T17:09:18.096+0000] {logging_mixin.py:188} INFO - [2025-09-05T17:09:18.095+0000] {dag.py:3954} INFO - Setting next_dagrun for bronze to None, run_after=None
[2025-09-05T17:09:18.114+0000] {processor.py:183} INFO - Processing /opt/airflow/dags/bronze_dag.py took 0.716 seconds
[2025-09-05T17:09:48.322+0000] {processor.py:161} INFO - Started process (PID=785) to work on /opt/airflow/dags/bronze_dag.py
[2025-09-05T17:09:48.324+0000] {processor.py:830} INFO - Processing file /opt/airflow/dags/bronze_dag.py for tasks to queue
[2025-09-05T17:09:48.326+0000] {logging_mixin.py:188} INFO - [2025-09-05T17:09:48.326+0000] {dagbag.py:545} INFO - Filling up the DagBag from /opt/airflow/dags/bronze_dag.py
[2025-09-05T17:09:48.954+0000] {processor.py:840} INFO - DAG(s) 'bronze' retrieved from /opt/airflow/dags/bronze_dag.py
[2025-09-05T17:09:48.977+0000] {logging_mixin.py:188} INFO - [2025-09-05T17:09:48.976+0000] {dag.py:3096} INFO - Sync 1 DAGs
[2025-09-05T17:09:48.994+0000] {logging_mixin.py:188} INFO - [2025-09-05T17:09:48.994+0000] {dag.py:3954} INFO - Setting next_dagrun for bronze to None, run_after=None
[2025-09-05T17:09:49.011+0000] {processor.py:183} INFO - Processing /opt/airflow/dags/bronze_dag.py took 0.698 seconds
[2025-09-05T17:10:19.175+0000] {processor.py:161} INFO - Started process (PID=797) to work on /opt/airflow/dags/bronze_dag.py
[2025-09-05T17:10:19.176+0000] {processor.py:830} INFO - Processing file /opt/airflow/dags/bronze_dag.py for tasks to queue
[2025-09-05T17:10:19.179+0000] {logging_mixin.py:188} INFO - [2025-09-05T17:10:19.178+0000] {dagbag.py:545} INFO - Filling up the DagBag from /opt/airflow/dags/bronze_dag.py
[2025-09-05T17:10:19.843+0000] {processor.py:840} INFO - DAG(s) 'bronze' retrieved from /opt/airflow/dags/bronze_dag.py
[2025-09-05T17:10:19.868+0000] {logging_mixin.py:188} INFO - [2025-09-05T17:10:19.867+0000] {dag.py:3096} INFO - Sync 1 DAGs
[2025-09-05T17:10:19.885+0000] {logging_mixin.py:188} INFO - [2025-09-05T17:10:19.885+0000] {dag.py:3954} INFO - Setting next_dagrun for bronze to None, run_after=None
[2025-09-05T17:10:19.903+0000] {processor.py:183} INFO - Processing /opt/airflow/dags/bronze_dag.py took 0.734 seconds
[2025-09-05T17:10:50.008+0000] {processor.py:161} INFO - Started process (PID=809) to work on /opt/airflow/dags/bronze_dag.py
[2025-09-05T17:10:50.009+0000] {processor.py:830} INFO - Processing file /opt/airflow/dags/bronze_dag.py for tasks to queue
[2025-09-05T17:10:50.011+0000] {logging_mixin.py:188} INFO - [2025-09-05T17:10:50.011+0000] {dagbag.py:545} INFO - Filling up the DagBag from /opt/airflow/dags/bronze_dag.py
[2025-09-05T17:10:50.711+0000] {processor.py:840} INFO - DAG(s) 'bronze' retrieved from /opt/airflow/dags/bronze_dag.py
[2025-09-05T17:10:50.734+0000] {logging_mixin.py:188} INFO - [2025-09-05T17:10:50.733+0000] {dag.py:3096} INFO - Sync 1 DAGs
[2025-09-05T17:10:50.771+0000] {logging_mixin.py:188} INFO - [2025-09-05T17:10:50.771+0000] {dag.py:3954} INFO - Setting next_dagrun for bronze to None, run_after=None
[2025-09-05T17:10:50.813+0000] {processor.py:183} INFO - Processing /opt/airflow/dags/bronze_dag.py took 0.813 seconds
